[2025-12-09T07:14:19.096Z] [INFO] [c12be994-13f1-4ef0-ba8a-f4221c4d59e4] POST /api/auth/login - Request finished with status 200
[2025-12-09T07:14:19.292Z] [INFO] [9bc0a64a-a9d3-4ae4-9064-6d12f322b458] GET /api/users/me - Request finished with status 304
[2025-12-09T07:14:19.419Z] [INFO] [04a0679a-177a-4d0f-98d1-e7fb9dbe7bdd] GET /api/users/me - Request finished with status 304
[2025-12-09T07:14:19.545Z] [INFO] [789108e5-04c1-40c3-85e7-b4b2953d9279] GET /api/users/me - Request finished with status 304
[2025-12-09T07:14:19.636Z] [INFO] [0e74e0fa-05b2-4e8c-9da2-c5f985828aa9] GET /api/users/me - Request finished with status 304
[2025-12-09T07:14:19.773Z] [INFO] [6bd0d765-c132-4078-a4c4-ff88eda5ac85] GET /api/users/me - Request finished with status 304
[2025-12-09T07:14:19.861Z] [INFO] [42f78631-5ccd-49d9-b7d6-8e7ced412937] GET /api/users/me - Request finished with status 304
[2025-12-09T07:14:20.044Z] [INFO] [1256b96a-0276-4234-bd04-cf11c05eb87b] GET /api/users/me - Request finished with status 304
[2025-12-09T07:14:20.239Z] [INFO] [19c09853-cfed-4f46-aee6-b92db89342bd] GET /api/users/me - Request finished with status 304
[2025-12-09T07:14:20.837Z] [INFO] [dac5ca47-e41f-41e0-9bc5-c2f5f08cfb58] GET /api/dashboard/summaryUser - Request finished with status 200
[2025-12-09T07:14:21.415Z] [INFO] [6dcfe384-f729-4300-8156-9cc4731c0f68] GET /api/dashboard/summaryUser - Request finished with status 304
[2025-12-09T07:14:23.119Z] [INFO] [768ae6d2-8eb1-403d-9355-3c086d93d3b3] GET /api/threads/user - Request finished with status 200
[2025-12-09T07:14:23.574Z] [INFO] [deeb260c-e00b-47f6-b134-abb4d60b79aa] GET /api/threads/user - Request finished with status 304
[2025-12-09T07:14:24.434Z] [INFO] [d9d0e0eb-24b7-4e3f-a035-40e080f9731b] GET /api/messages/6935494dbc37e27bf7174eb6 - Request finished with status 200
[2025-12-09T07:14:39.284Z] [INFO] [399620f2-3d55-4bc0-b9b0-116dbacd180d] GET /api/users/me - Request finished with status 304
[2025-12-09T07:14:39.390Z] [INFO] [293754b2-3572-4c09-a8c5-1c0c2f20d1fc] GET /api/users/me - Request finished with status 304
[2025-12-09T07:14:39.478Z] [INFO] [a3851d8e-9f35-4e55-abff-6730f93d7bca] GET /api/users/me - Request finished with status 304
[2025-12-09T07:14:39.585Z] [INFO] [0d889058-675a-42b6-a718-f01161307ea4] GET /api/users/me - Request finished with status 304
[2025-12-09T07:14:39.914Z] [INFO] [21bbb17f-f381-4bcb-b8c3-10f48d03b56d] GET /api/users/me - Request finished with status 304
[2025-12-09T07:14:40.095Z] [INFO] [7af7668d-854f-49aa-8c4a-1820427cd0e0] GET /api/users/me - Request finished with status 304
[2025-12-09T07:14:40.266Z] [INFO] [b798e3af-cd79-4bb3-b423-2753b8f18a50] GET /api/users/me - Request finished with status 304
[2025-12-09T07:14:40.369Z] [INFO] [1b0134b9-e927-4e24-aa31-baf0504992d0] GET /api/users/me - Request finished with status 304
[2025-12-09T07:14:40.387Z] [INFO] [243baec8-de2c-4ec2-a1c8-95dae0c599fe] GET /api/dashboard/supplier/charts - Request finished with status 200
[2025-12-09T07:14:40.859Z] [INFO] [4ae5cb77-b0e4-4ffe-bbc8-59e55b7d0786] GET /api/dashboard/supplier/charts - Request finished with status 304
[2025-12-09T07:14:40.961Z] [INFO] [dbe5567d-3fe4-443e-8311-7771eff119a1] GET /api/dashboard/summarySupplier - Request finished with status 200
[2025-12-09T07:14:41.956Z] [INFO] [e37e6802-7baf-4b79-ad2f-2ac38ff98db3] GET /api/dashboard/summarySupplier - Request finished with status 304
[2025-12-09T07:14:53.237Z] [INFO] [4e430f40-4cae-40e3-847d-b26caf4dc53d] GET /api/threads/supplier - Request finished with status 200
[2025-12-09T07:14:53.633Z] [INFO] [26778515-201c-485d-b771-841effa3ca48] GET /api/threads/supplier - Request finished with status 304
[2025-12-09T07:14:54.778Z] [INFO] [a14ec927-a548-4adc-a843-6be44015d13f] GET /api/messages/6935494dbc37e27bf7174eb6 - Request finished with status 200
[2025-12-09T08:35:53.560Z] [INFO] [af6392ff-7d47-43fb-a06a-d233618c2f18] GET /api/threads/user - Request finished with status 200
[2025-12-09T08:36:20.766Z] [INFO] [cef4957c-d03b-4447-8053-06f96d7575c5] GET /api/users/me - Request finished with status 304
[2025-12-09T08:36:20.851Z] [INFO] [a971ce5a-ba86-4f34-84f9-65d792316c0f] GET /api/users/me - Request finished with status 304
[2025-12-09T08:36:20.926Z] [INFO] [e6b6c67f-33b6-453e-b9ba-269b270bf963] GET /api/users/me - Request finished with status 304
[2025-12-09T08:36:21.000Z] [INFO] [0f261fbb-cf51-4f1b-a044-29d5587283d9] GET /api/users/me - Request finished with status 304
[2025-12-09T08:36:21.075Z] [INFO] [5ea70e9b-f6d0-4c7c-9600-3e5b450dd527] GET /api/users/me - Request finished with status 304
[2025-12-09T08:36:21.105Z] [INFO] [ceb53cd4-a5df-41b3-b8f0-ac80ed7be5e5] GET /api/threads/user - Request finished with status 304
[2025-12-09T08:36:21.149Z] [INFO] [b79d144a-4e9f-4863-a9ef-f19e3551b774] GET /api/users/me - Request finished with status 304
[2025-12-09T08:36:21.706Z] [INFO] [2abd223e-8932-48c1-97a4-adbcb2177537] GET /api/threads/user - Request finished with status 304
[2025-12-09T08:36:21.916Z] [INFO] [8c58b120-ab6a-4934-93eb-b3be75cff71e] GET /api/threads/supplier - Request finished with status 304
[2025-12-09T08:36:22.273Z] [INFO] [7783e78c-4381-45dc-b4dd-90b2215dbcd6] GET /api/threads/supplier - Request finished with status 304
[2025-12-09T08:36:23.896Z] [INFO] [d68095b0-3edc-48ee-b1a9-74ad1152999b] GET /api/messages/6936d04293d16f4815a1d6a0 - Request finished with status 200
[2025-12-09T08:36:25.339Z] [INFO] [ef524479-02d6-45b7-8611-ffc9358e41d3] GET /api/messages/6936d15093d16f4815a1d7bb - Request finished with status 200
[2025-12-09T08:36:26.532Z] [INFO] [46908492-d899-484f-83d0-021a42021167] GET /api/messages/6936c9e7a47b9033641c3b5b - Request finished with status 200
[2025-12-09T08:36:30.099Z] [INFO] [083f5624-aed3-4fd3-bfde-645935a1ecec] GET /api/messages/6935494dbc37e27bf7174eb6 - Request finished with status 200
[2025-12-09T12:30:52.258Z] [INFO] [0e0a4d2c-59de-4d16-88a9-fd61afc89cb8] POST /api/auth/login - Request finished with status 200
[2025-12-09T12:30:52.378Z] [INFO] [db829107-259b-4bb8-aeec-38d4c1c4a819] GET /api/users/me - Request finished with status 304
[2025-12-09T12:30:52.475Z] [INFO] [f56c5a4b-8b9d-48ca-9a9f-abcb7a420092] GET /api/users/me - Request finished with status 304
[2025-12-09T12:30:52.589Z] [INFO] [ac3e19aa-f58c-4a2c-a0b9-323d563a113f] GET /api/users/me - Request finished with status 304
[2025-12-09T12:30:52.667Z] [INFO] [db6c285b-f8de-4776-a190-7eb211a2a6f6] GET /api/users/me - Request finished with status 304
[2025-12-09T12:30:52.745Z] [INFO] [bcc1c440-47aa-4563-9dc8-c55d02b18d2c] GET /api/users/me - Request finished with status 304
[2025-12-09T12:30:52.823Z] [INFO] [b04839e9-317b-4b9c-823f-2c2c0650f29b] GET /api/users/me - Request finished with status 304
[2025-12-09T12:30:53.073Z] [INFO] [ed940663-f5c7-4698-ab64-bb20d0e2d00b] GET /api/users/me - Request finished with status 304
[2025-12-09T12:30:53.170Z] [INFO] [1a1905c8-774f-4865-bdd7-3a5a6cb6609b] GET /api/users/me - Request finished with status 304
[2025-12-09T12:30:53.527Z] [INFO] [80fe2849-843c-4316-bc5b-3a455be8c2f3] GET /api/dashboard/summaryUser - Request finished with status 304
[2025-12-09T12:30:54.077Z] [INFO] [19a4086f-1aef-4205-ad60-587000682831] GET /api/dashboard/summaryUser - Request finished with status 304
[2025-12-09T12:31:01.258Z] [INFO] [b44620d3-569a-490d-8e50-c7faa12abff7] GET /api/users/me - Request finished with status 304
[2025-12-09T12:31:01.386Z] [INFO] [efc80177-283a-4358-953b-d3adc7f19d1e] GET /api/users/me - Request finished with status 304
[2025-12-09T12:31:01.536Z] [INFO] [4535d58e-b64e-483e-a611-96d82c5e18f6] GET /api/users/me - Request finished with status 304
[2025-12-09T12:31:01.817Z] [INFO] [df0aceb8-40ec-49a0-a189-7d7220ce4986] GET /api/users/me - Request finished with status 304
[2025-12-09T12:31:02.217Z] [INFO] [5ced4e09-c910-48e4-85f9-29d493c2ac1a] GET /api/users/me - Request finished with status 304
[2025-12-09T12:31:02.375Z] [INFO] [d1018558-e44c-48e6-abd6-e854a9b9f7ed] GET /api/users/me - Request finished with status 304
[2025-12-09T12:31:02.707Z] [INFO] [a4d7bcf7-bd45-4e8e-b83d-2838e3e5433a] GET /api/dashboard/supplier/charts - Request finished with status 200
[2025-12-09T12:31:02.736Z] [INFO] [5fd19812-bfef-4271-9a49-8b0309a001d0] GET /api/users/me - Request finished with status 304
[2025-12-09T12:31:02.832Z] [INFO] [78942668-20e7-4581-9ccb-c4c9e4f646f5] GET /api/users/me - Request finished with status 304
[2025-12-09T12:31:03.328Z] [INFO] [74340ced-9c99-4c8c-929f-4de9a5c94479] GET /api/dashboard/supplier/charts - Request finished with status 304
[2025-12-09T12:31:03.504Z] [INFO] [f2e743c1-0d3f-480c-bc1a-d3d793fd2be2] GET /api/dashboard/summarySupplier - Request finished with status 304
[2025-12-09T12:31:04.508Z] [INFO] [295725ad-013c-46c8-a3bb-ac972768e4e9] GET /api/dashboard/summarySupplier - Request finished with status 304
