[2025-12-08T13:11:03.661Z] [INFO] [ee33e98d-57f1-4e95-8dec-286fe1827ed6] POST /api/auth/login - Request finished with status 200
[2025-12-08T13:11:03.855Z] [INFO] [cd617f55-0563-4389-bc7f-d246d24aeb0f] GET /api/users/me - Request finished with status 304
[2025-12-08T13:11:05.795Z] [INFO] [69ed5622-7140-460c-9fae-2f84bf951059] POST /api/auth/login - Request finished with status 200
[2025-12-08T13:11:05.882Z] [INFO] [67250e03-bef4-4860-bf2a-9e041f7238d1] GET /api/users/me - Request finished with status 304
[2025-12-08T13:11:20.717Z] [INFO] [2b973777-f6fb-47bd-a785-446ad3a4bf04] GET /api/users/me - Request finished with status 304
[2025-12-08T13:11:20.846Z] [INFO] [81b7be69-cc6b-4b60-9381-357690b79474] GET /api/users/me - Request finished with status 304
[2025-12-08T13:11:20.955Z] [INFO] [d3f928a2-c064-46a9-8e49-0f945f772820] GET /api/users/me - Request finished with status 304
[2025-12-08T13:11:21.088Z] [INFO] [7910f232-1565-481e-8190-2c3ca4e18438] GET /api/notifications - Request finished with status 201
[2025-12-08T13:11:21.172Z] [INFO] [f1982019-c00b-4f52-b9e7-65987156e492] GET /api/users/me - Request finished with status 304
[2025-12-08T13:11:21.460Z] [INFO] [72b649d2-4d7a-4473-8d8a-1b593cb8b4cb] GET /api/notifications - Request finished with status 201
[2025-12-08T13:11:21.786Z] [INFO] [41e9c56e-66fd-44cb-928c-ff695e41ba22] GET /api/notifications - Request finished with status 201
[2025-12-08T13:11:21.896Z] [INFO] [91c7d3f7-f177-4362-9c73-fb6a0462ee6c] GET /api/dashboard/summarySupplier - Request finished with status 304
[2025-12-08T13:11:21.994Z] [INFO] [37a3e4d6-b28c-4737-be22-a8c9f4b4a919] GET /api/notifications - Request finished with status 201
[2025-12-08T13:11:22.190Z] [INFO] [365f9056-4434-4e98-8382-dc15dcbd8c5a] GET /api/notifications - Request finished with status 201
[2025-12-08T13:11:22.492Z] [INFO] [e087868c-6f82-4c66-af1b-d0d3ebc3172e] GET /api/notifications - Request finished with status 201
[2025-12-08T13:11:23.199Z] [INFO] [d1f6a231-9821-4d9d-a784-816dd405319f] GET /api/dashboard/summarySupplier - Request finished with status 304
[2025-12-08T13:11:25.719Z] [INFO] [33d14268-6f31-48ad-8803-12d13d40d361] GET /api/threads/supplier/691aeaf86edc75408bc163fb - Request finished with status 200
[2025-12-08T13:11:25.926Z] [INFO] [34052553-eee5-4852-8dfb-f567266c2453] GET /api/messages/6935494dbc37e27bf7174eb6 - Request finished with status 304
[2025-12-08T13:11:26.264Z] [INFO] [d1438059-b4dd-48dd-81d3-7fc229d5e27d] GET /api/threads/supplier/691aeaf86edc75408bc163fb - Request finished with status 304
[2025-12-08T13:11:29.219Z] [INFO] [f249611a-034e-4100-97ee-ea3228a13406] GET /api/messages/69355ee01e528c5bf02edacd - Request finished with status 200
[2025-12-08T13:11:33.686Z] [INFO] [d7f86993-9d5c-4568-961a-85ddcebf0a91] GET /api/notifications - Request finished with status 201
[2025-12-08T13:11:33.829Z] [INFO] [3e5464fa-83b2-4fbf-a699-3b1521b00d7b] GET /api/notifications - Request finished with status 201
[2025-12-08T13:11:43.386Z] [INFO] [0e9faca5-2d12-427a-b808-ccac6828d5b5] GET /api/payments/supplier?page=1&limit=10&searchTerm= - Request finished with status 200
[2025-12-08T13:11:44.020Z] [INFO] [273a50ac-d93f-40b6-97a0-a0b26fd35063] GET /api/payments/supplier?page=1&limit=10&searchTerm= - Request finished with status 304
[2025-12-08T13:11:46.385Z] [INFO] [44fff997-bb1a-4dc7-920f-f0eb795ecbb8] GET /api/dashboard/summarySupplier - Request finished with status 304
[2025-12-08T13:11:47.612Z] [INFO] [13c4164f-6172-4ee0-a166-4184b87c893e] GET /api/dashboard/summarySupplier - Request finished with status 304
[2025-12-08T13:12:19.658Z] [INFO] [d6b57b54-5023-4b34-90a8-96926d3d7b15] GET /api/users/me - Request finished with status 304
[2025-12-08T13:12:19.750Z] [INFO] [0282b34f-2af1-4408-aa2c-e3a17bf627b2] GET /api/notifications - Request finished with status 201
[2025-12-08T13:12:19.975Z] [INFO] [c35973e2-fcc5-4641-94cb-b34652794806] GET /api/users/me - Request finished with status 304
[2025-12-08T13:12:20.730Z] [INFO] [7a4d4609-b98c-45d1-b52b-0c5e240a4bdb] GET /api/notifications - Request finished with status 201
[2025-12-08T13:12:21.057Z] [INFO] [19f0fa1f-3db8-4184-8cc7-6efd138b9536] GET /api/notifications - Request finished with status 201
[2025-12-08T13:12:21.142Z] [INFO] [5b1ca0ee-1dec-4b75-bef1-ddae9e08d645] GET /api/dashboard/summarySupplier - Request finished with status 304
[2025-12-08T13:12:21.358Z] [INFO] [8ee91087-6308-4a76-a974-7cf82423e19c] GET /api/notifications - Request finished with status 201
[2025-12-08T13:12:21.584Z] [INFO] [e9636f65-37be-4dce-ac7d-22351988765b] GET /api/messages/6935494dbc37e27bf7174eb6 - Request finished with status 304
[2025-12-08T13:12:22.065Z] [INFO] [43560849-ecd6-43a9-b76c-b507605e2157] GET /api/threads/supplier/691aeaf86edc75408bc163fb - Request finished with status 304
[2025-12-08T13:12:22.438Z] [INFO] [bb3e171e-9091-4c70-8ea6-1cb59d7678b3] GET /api/messages/69355ee01e528c5bf02edacd - Request finished with status 304
[2025-12-08T13:12:22.738Z] [INFO] [413528b0-5fc5-44b0-9b9a-b6ecfa73639d] GET /api/threads/supplier/691aeaf86edc75408bc163fb - Request finished with status 304
[2025-12-08T13:12:23.046Z] [INFO] [4b21262d-e34d-4511-825a-8d6656089e41] GET /api/dashboard/summarySupplier - Request finished with status 304
[2025-12-08T13:12:23.254Z] [INFO] [13ba1cd2-b356-456a-8c90-f69726d5509f] GET /api/threads/supplier/691aeaf86edc75408bc163fb - Request finished with status 304
[2025-12-08T13:12:23.798Z] [INFO] [f08ecd9a-1610-497f-a668-9f50623eb2f2] GET /api/threads/supplier/691aeaf86edc75408bc163fb - Request finished with status 304
[2025-12-08T13:12:25.073Z] [INFO] [ec55686a-814e-446e-9874-d398b394269b] GET /api/messages/6936c9e7a47b9033641c3b5b - Request finished with status 200
[2025-12-08T13:12:32.623Z] [INFO] [fbf23abe-ca59-4326-b734-7908dcf7345f] POST /api/messages - Request finished with status 201
[2025-12-08T13:12:38.852Z] [INFO] [ac5a3c5f-1e69-40ec-909b-394f7cba5d11] POST /api/messages - Request finished with status 201
[2025-12-08T13:15:37.316Z] [INFO] [e35d7f48-e692-439b-b0ef-533972d5f32e] GET /api/users/me - Request finished with status 304
[2025-12-08T13:15:37.518Z] [INFO] [374bf06e-1e57-4456-85b6-5cda98370051] GET /api/notifications - Request finished with status 201
[2025-12-08T13:15:37.664Z] [INFO] [9635c388-d8ba-456d-ae61-1ecf201b3728] GET /api/users/me - Request finished with status 304
[2025-12-08T13:15:37.785Z] [INFO] [0d27c1aa-b19d-4f10-8dc2-de8168c0671a] GET /api/users/me - Request finished with status 304
[2025-12-08T13:15:37.842Z] [INFO] [4b17ae63-57ab-4497-ac11-d0925fde6e2b] GET /api/notifications - Request finished with status 201
[2025-12-08T13:15:37.980Z] [INFO] [e3677958-74ea-48ce-a23a-f49fae2d1ec7] GET /api/threads/supplier/691aeaf86edc75408bc163fb - Request finished with status 304
[2025-12-08T13:15:38.000Z] [INFO] [a3e7a6e3-3461-432f-aeac-9984a8f7fa07] GET /api/users/me - Request finished with status 304
[2025-12-08T13:15:38.103Z] [INFO] [55553c37-ec06-47ea-9140-b833cb663d85] GET /api/notifications - Request finished with status 201
[2025-12-08T13:15:38.343Z] [INFO] [c00a344f-8803-4d07-9c9e-a264f0417d7a] GET /api/notifications - Request finished with status 201
[2025-12-08T13:15:38.460Z] [INFO] [4d93dcd1-00c5-4c26-83c1-e802242b8782] GET /api/threads/supplier/691aeaf86edc75408bc163fb - Request finished with status 304
[2025-12-08T13:15:38.568Z] [INFO] [d862525f-b5db-4b68-9fe1-349d7db82aab] GET /api/notifications - Request finished with status 201
[2025-12-08T13:15:38.695Z] [INFO] [5f3c1657-b4a4-448a-8bf9-671b390afa00] GET /api/messages/6935494dbc37e27bf7174eb6 - Request finished with status 304
[2025-12-08T13:15:38.803Z] [INFO] [5060fcc8-5128-4f7c-9e95-f7c9f45d0fd0] GET /api/notifications - Request finished with status 201
[2025-12-08T13:15:39.123Z] [INFO] [c0cfe651-41ef-4be1-a59b-15b9b11187fc] GET /api/threads/supplier/691aeaf86edc75408bc163fb - Request finished with status 304
[2025-12-08T13:15:40.090Z] [INFO] [e99fb7ca-1de1-4c12-a0a1-0642512243e0] GET /api/messages/6936c9e7a47b9033641c3b5b - Request finished with status 200
[2025-12-08T13:15:40.224Z] [INFO] [f26b4235-cdb2-4251-bc6f-fdd3b77cbfa3] GET /api/threads/supplier/691aeaf86edc75408bc163fb - Request finished with status 304
[2025-12-08T13:15:40.998Z] [INFO] [39d83a0f-66d5-40bb-a8d6-b48734155e20] GET /api/threads/supplier/691aeaf86edc75408bc163fb - Request finished with status 304
[2025-12-08T13:15:41.544Z] [INFO] [a6a7413c-985f-4057-a64a-3cf396575266] GET /api/threads/supplier/691aeaf86edc75408bc163fb - Request finished with status 304
[2025-12-08T13:18:19.753Z] [INFO] [2c5daa82-d90a-4abe-b49b-048879902495] GET /api/requests/supplier?page=1&limit=10&debouncedSearch= - Request finished with status 200
[2025-12-08T13:18:20.372Z] [INFO] [02c109b6-0340-4890-99bd-8c9f8cc84bc0] GET /api/requests/supplier?page=1&limit=10&debouncedSearch= - Request finished with status 304
[2025-12-08T13:19:05.880Z] [INFO] [00f8640e-4e1d-46b9-a341-f8068b69c21c] GET /api/requests/supplier - Request finished with status 200
[2025-12-08T13:19:05.935Z] [INFO] [f4e27f9c-f614-49e5-a2f5-71550b718d45] GET /api/contracts/supplier?page=1&debouncedSearch= - Request finished with status 304
[2025-12-08T13:19:06.063Z] [INFO] [ae32ad91-944d-4487-99bd-8243dd356b77] GET /api/file/download-url?fileKey=signature-691aeaf86edc75408bc163fb-1765105439401.png - Request finished with status 200
[2025-12-08T13:19:06.080Z] [INFO] [76d6738f-37c9-4e1c-ba4c-2512173d2081] GET /api/file/download-url?fileKey=signature-692443542c5dca0d93fef933-1765105848484.png - Request finished with status 200
[2025-12-08T13:19:06.732Z] [INFO] [b97a2265-781d-4a3b-9aa2-67ea5926ebcf] GET /api/contracts/supplier?page=1&debouncedSearch= - Request finished with status 304
[2025-12-08T13:19:06.896Z] [INFO] [0291f067-4fc5-497d-aa25-f2a4ce303713] GET /api/requests/supplier?page=1&limit=10&debouncedSearch= - Request finished with status 200
[2025-12-08T13:19:07.217Z] [INFO] [bf4d9251-37cc-4802-9564-6f3a5999afef] GET /api/requests/supplier?page=1&limit=10&debouncedSearch= - Request finished with status 304
[2025-12-08T13:19:07.447Z] [INFO] [a2f0ea47-8fd0-4652-a231-4375606386e4] GET /api/requests/supplier - Request finished with status 304
[2025-12-08T13:19:12.174Z] [INFO] [656c64f3-cba2-47ab-b93a-f9ac6b172ed2] POST /api/requests/6936d04293d16f4815a1d69c/approve - Request finished with status 200
[2025-12-08T13:23:37.350Z] [INFO] [f8160215-27c8-4e8a-9792-7cfe844b56e6] GET /api/dashboard/summarySupplier - Request finished with status 200
[2025-12-08T13:23:38.315Z] [INFO] [aa3c669a-d20a-4e83-af67-b519c173f8e6] GET /api/requests/supplier?page=1&limit=10&debouncedSearch= - Request finished with status 200
[2025-12-08T13:23:38.653Z] [INFO] [c2a87a31-e057-4c2f-933b-2200fc7c4de4] GET /api/dashboard/summarySupplier - Request finished with status 304
[2025-12-08T13:23:38.676Z] [INFO] [3347494a-c088-4841-8ea9-00efedc31d89] GET /api/requests/supplier?page=1&limit=10&debouncedSearch= - Request finished with status 304
[2025-12-08T13:23:42.819Z] [INFO] [922ccb03-9750-45aa-80ba-6d33f5f2be5a] POST /api/requests/6936d15093d16f4815a1d7b7/approve - Request finished with status 200
