[2025-12-11T07:38:55.481Z] [INFO] [ea8762a4-3f35-4aa7-a90e-aa5f1f2aff94] GET /api/users/me - Request finished with status 304
[2025-12-11T07:38:55.612Z] [INFO] [cc47a837-938d-4c8e-9184-8685f51d4264] GET /api/users/me - Request finished with status 304
[2025-12-11T07:38:55.694Z] [INFO] [a8463b4f-846e-4984-97ef-7c29650d0490] GET /api/users/me - Request finished with status 304
[2025-12-11T07:38:55.784Z] [INFO] [15d73fd8-4f4c-4032-ba1d-8f78937bff4a] GET /api/users/me - Request finished with status 304
[2025-12-11T07:38:55.867Z] [INFO] [8bde88f5-f48f-4f72-8d0f-1ea80bac2133] GET /api/users/me - Request finished with status 304
[2025-12-11T07:38:55.962Z] [INFO] [8960a7e2-2ddf-494f-836d-622859da69cf] GET /api/users/me - Request finished with status 304
[2025-12-11T07:38:56.547Z] [INFO] [2e5e93d5-8855-4afa-8083-2a58be32c651] GET /api/suppliers - Request finished with status 304
[2025-12-11T07:38:56.582Z] [INFO] [a9172cc8-6e8a-446c-b3ca-f0b314c4052b] GET /api/notifications - Request finished with status 201
[2025-12-11T07:38:56.603Z] [INFO] [7e03b3d4-fcef-4e2a-9760-c7fa95ae11fb] GET /api/file/download-url?fileKey=Screenshot+2025-12-06+221717.png - Request finished with status 200
[2025-12-11T07:38:56.609Z] [INFO] [bc9f9d9f-d70b-4315-9302-b97b26c2f02f] GET /api/file/download-url?fileKey=miri_1+(2)+(1).jpg - Request finished with status 200
[2025-12-11T07:38:56.620Z] [INFO] [e22b8956-cdbd-4f19-9c93-34226b4d416b] GET /api/file/download-url?fileKey=htmjyejy.png - Request finished with status 200
[2025-12-11T07:38:56.628Z] [INFO] [6d65718c-9a59-4672-9eaa-5130f68cedc3] GET /api/file/download-url?fileKey=htmjyejy.png - Request finished with status 304
[2025-12-11T07:38:57.422Z] [INFO] [179a972d-2ebd-46e7-bf4c-a7f9f7624cad] GET /api/suppliers - Request finished with status 304
[2025-12-11T07:38:57.513Z] [INFO] [fdc088ab-37ac-40a6-b87c-b21f2720898d] GET /api/file/download-url?fileKey=Screenshot+2025-12-06+221717.png - Request finished with status 200
[2025-12-11T07:38:57.517Z] [INFO] [300ba66e-50ea-4524-9f10-ba8137461f88] GET /api/file/download-url?fileKey=miri_1+(2)+(1).jpg - Request finished with status 200
[2025-12-11T07:38:57.525Z] [INFO] [2a356f53-e776-4f48-b473-f04285502c72] GET /api/file/download-url?fileKey=htmjyejy.png - Request finished with status 200
[2025-12-11T07:38:57.531Z] [INFO] [ec2c7338-b0cd-46c6-beff-070e66f181c2] GET /api/file/download-url?fileKey=htmjyejy.png - Request finished with status 304
[2025-12-11T07:59:56.893Z] [INFO] [9559ea79-7024-43fb-bd72-7c14d8f64a25] GET /api/users/me - Request finished with status 401
[2025-12-11T07:59:56.899Z] [INFO] [6833cf90-d553-4681-92a3-0a3499f59a30] GET /api/users/me - Request finished with status 401
[2025-12-11T08:03:15.642Z] [INFO] [31405ccc-ab8e-44b5-86df-e5b551d98a62] GET /api/users/me - Request finished with status 401
[2025-12-11T08:03:15.648Z] [INFO] [5bc9403d-6a06-4bdb-8fef-40f1cbf93a50] GET /api/users/me - Request finished with status 401
[2025-12-11T08:03:23.897Z] [INFO] [da59795d-5d71-44f6-a2e3-79bb6440f219] POST /api/auth/google - Request finished with status 200
[2025-12-11T08:03:23.994Z] [INFO] [121440b5-d72c-4edf-b30f-f5807b832a01] GET /api/users/me - Request finished with status 304
[2025-12-11T08:03:24.089Z] [INFO] [fa7270f7-6ea0-419c-897d-c829d055de8c] GET /api/users/me - Request finished with status 304
[2025-12-11T08:03:24.204Z] [INFO] [c8717f9b-6e96-4476-b8ea-4fc656eae189] GET /api/users/me - Request finished with status 304
[2025-12-11T08:03:24.296Z] [INFO] [dca42b11-0a04-4e59-af86-0f3ceba224ba] GET /api/users/me - Request finished with status 304
[2025-12-11T08:03:24.400Z] [INFO] [069344cd-48c8-48e2-8ab0-1aa634df2498] GET /api/users/me - Request finished with status 304
[2025-12-11T08:03:24.500Z] [INFO] [04f255bd-7d1d-483f-8a41-072ad94cb434] GET /api/users/me - Request finished with status 304
[2025-12-11T08:03:24.676Z] [INFO] [8ee88da8-0e86-4504-b136-f8e99a8e1f5e] GET /api/users/me - Request finished with status 304
[2025-12-11T08:03:24.840Z] [INFO] [f3f1d706-228b-4be7-a0a9-62c4d0be1c84] GET /api/users/me - Request finished with status 304
[2025-12-11T08:03:25.732Z] [INFO] [8008d400-8861-44f2-ac18-9eef1c9194be] GET /api/notifications - Request finished with status 201
[2025-12-11T08:03:25.738Z] [INFO] [35554fc8-056d-4dba-b98e-66dcd0a2ec60] GET /api/dashboard/supplier/charts - Request finished with status 304
[2025-12-11T08:03:25.923Z] [INFO] [5c1b2cee-48df-465e-958d-8debe2f1ad66] GET /api/notifications - Request finished with status 201
[2025-12-11T08:03:26.091Z] [INFO] [04bf03ea-4c1c-4c4f-a596-0f0a3f11b8d4] GET /api/dashboard/summarySupplier - Request finished with status 200
[2025-12-11T08:03:26.246Z] [INFO] [9cccd5a8-bd87-4919-9227-a5b6a47b8e65] GET /api/dashboard/supplier/charts - Request finished with status 304
[2025-12-11T08:03:27.183Z] [INFO] [979135da-345b-4d10-9390-804dfb718d90] GET /api/dashboard/summarySupplier - Request finished with status 304
[2025-12-11T08:03:41.602Z] [INFO] [519e45c7-56bd-478a-b5db-1c672ec0efad] POST /api/auth/google - Request finished with status 200
[2025-12-11T08:03:41.722Z] [INFO] [09a44e79-028a-41db-8add-d640f4d8d629] GET /api/users/me - Request finished with status 304
[2025-12-11T08:03:41.823Z] [INFO] [a2a05eba-6510-4f91-8f0a-0e481842cbbe] GET /api/users/me - Request finished with status 304
[2025-12-11T08:03:41.967Z] [INFO] [741c5d21-c70a-42d3-a523-6af516239324] GET /api/users/me - Request finished with status 304
[2025-12-11T08:03:42.076Z] [INFO] [61ccd859-a1bd-46f9-952b-025528995ef8] GET /api/users/me - Request finished with status 304
[2025-12-11T08:03:42.172Z] [INFO] [5c29e19f-61f2-49e0-9bf7-f3b72a12a8e1] GET /api/users/me - Request finished with status 304
[2025-12-11T08:03:42.277Z] [INFO] [a655d3fa-3fe2-4892-aba6-558b33217649] GET /api/users/me - Request finished with status 304
[2025-12-11T08:03:42.400Z] [INFO] [107631c8-13bf-41e3-813d-5eb9e526e920] GET /api/users/me - Request finished with status 304
[2025-12-11T08:03:42.482Z] [INFO] [6791fc5e-a1f2-4e0c-9f61-165a95bfbe43] GET /api/notifications - Request finished with status 201
[2025-12-11T08:03:42.484Z] [INFO] [9ea37dc9-00c6-4a27-812c-b55b189725b5] GET /api/users/me - Request finished with status 304
[2025-12-11T08:03:42.643Z] [INFO] [9c8bde1a-e0dd-4d4d-bfaf-a6e71ecaf2e9] GET /api/notifications - Request finished with status 201
[2025-12-11T08:03:42.710Z] [INFO] [3e71f531-f15c-4b7c-b04b-606c3b1bd523] GET /api/dashboard/user/charts - Request finished with status 304
[2025-12-11T08:03:43.053Z] [INFO] [cb84097b-97cb-4ad9-93d0-312a2a0775d9] GET /api/dashboard/summaryUser - Request finished with status 200
[2025-12-11T08:03:43.129Z] [INFO] [84f269a1-7a20-483e-89d4-02770bd673f9] GET /api/dashboard/user/charts - Request finished with status 304
[2025-12-11T08:03:43.809Z] [INFO] [8ef3ee4b-367b-4308-b81f-a8c64b2abe71] GET /api/dashboard/summaryUser - Request finished with status 304
[2025-12-11T08:03:45.747Z] [INFO] [a467c876-eda3-4e92-be6c-c067b01f94d0] GET /api/budget/events - Request finished with status 304
[2025-12-11T08:03:45.926Z] [INFO] [4faff087-e97f-4088-bf52-872ba0ca2c3d] GET /api/budget/events - Request finished with status 304
[2025-12-11T08:05:07.482Z] [INFO] [155b9d07-3dff-49e6-8387-0ed9ada1559b] GET /api/users/me - Request finished with status 304
[2025-12-11T08:05:07.579Z] [INFO] [b290c4cc-9cec-4faf-831b-4468ef50b5e9] GET /api/users/me - Request finished with status 304
[2025-12-11T08:05:07.674Z] [INFO] [7947bfac-dff6-4b3a-82b0-567eb1c00c65] GET /api/users/me - Request finished with status 304
[2025-12-11T08:05:07.764Z] [INFO] [b1f007bf-ca0d-46bb-ba76-d67309124c23] GET /api/users/me - Request finished with status 304
[2025-12-11T08:05:07.967Z] [INFO] [5f62b918-6e7b-4140-9e97-6e32a7c98803] GET /api/users/me - Request finished with status 304
[2025-12-11T08:05:08.068Z] [INFO] [53690daa-ff40-488f-9567-50adeba0a7f6] GET /api/budget/events - Request finished with status 304
[2025-12-11T08:05:08.076Z] [INFO] [f7991d9e-0be5-40e7-9670-2a8e3e9c4979] GET /api/users/me - Request finished with status 304
[2025-12-11T08:05:08.243Z] [INFO] [88a12f06-b549-411f-8262-e47122830eaa] GET /api/notifications - Request finished with status 201
[2025-12-11T08:05:08.263Z] [INFO] [51a32bde-9e31-446e-be2f-c92b0b8f53e3] GET /api/budget/events - Request finished with status 304
[2025-12-11T08:05:08.532Z] [INFO] [268d3e29-3ee6-484c-be63-95a9c14ad635] GET /api/users/me - Request finished with status 304
[2025-12-11T08:05:08.628Z] [INFO] [ae39850b-daf4-41e9-94df-9d60936df814] GET /api/users/me - Request finished with status 304
[2025-12-11T08:05:08.719Z] [INFO] [1618d577-8097-42e1-be2a-860da21a7472] GET /api/users/me - Request finished with status 304
[2025-12-11T08:05:08.810Z] [INFO] [03902f09-3b56-48c8-95eb-5c19e9644f05] GET /api/users/me - Request finished with status 304
[2025-12-11T08:05:08.922Z] [INFO] [8eedd0be-512b-4423-9110-7286db2b8021] GET /api/users/me - Request finished with status 304
[2025-12-11T08:05:09.007Z] [INFO] [89c6863b-fd6e-420b-9aa3-6b93ad8b14bd] GET /api/users/me - Request finished with status 304
[2025-12-11T08:05:09.135Z] [INFO] [33d7a227-f131-4a7a-ab6b-02ae0d1e9415] GET /api/notifications - Request finished with status 201
[2025-12-11T08:05:09.330Z] [INFO] [6b6c071d-0357-44b9-98bd-9257b450fd99] GET /api/dashboard/supplier/charts - Request finished with status 304
[2025-12-11T08:05:09.833Z] [INFO] [ac784c92-72bd-4840-9041-82c54bfeff7a] GET /api/dashboard/supplier/charts - Request finished with status 304
[2025-12-11T08:05:09.921Z] [INFO] [8b5853af-f082-4506-8ce7-08388cc97f7d] GET /api/dashboard/summarySupplier - Request finished with status 304
[2025-12-11T08:05:11.010Z] [INFO] [16e4848c-df8c-45b0-be21-884cf9205dc2] GET /api/dashboard/summarySupplier - Request finished with status 304
[2025-12-11T08:05:16.759Z] [INFO] [2bff8ed2-54c1-4d4d-af1b-3d4079112ced] GET /api/users/me - Request finished with status 304
[2025-12-11T08:05:16.859Z] [INFO] [567a81de-49ea-4657-8ff5-5d86044292b0] GET /api/users/me - Request finished with status 304
[2025-12-11T08:05:16.965Z] [INFO] [284462dd-4fb9-49fc-86d6-5b19903074c6] GET /api/users/me - Request finished with status 304
[2025-12-11T08:05:17.059Z] [INFO] [c757c1df-2db1-4516-be9e-a4c523468b01] GET /api/users/me - Request finished with status 304
[2025-12-11T08:05:17.191Z] [INFO] [dcd04fc7-897f-4450-b566-ade6188e748a] GET /api/users/me - Request finished with status 304
[2025-12-11T08:05:17.273Z] [INFO] [91d395f2-fa41-48d3-b683-dfcb752cb950] GET /api/budget/events - Request finished with status 304
[2025-12-11T08:05:17.276Z] [INFO] [6dd5f1de-b763-4fec-8f39-90c18254ca62] GET /api/users/me - Request finished with status 304
[2025-12-11T08:05:17.351Z] [INFO] [84cfcfe8-6b78-472c-8dc0-083e582cecde] GET /api/users/me - Request finished with status 304
[2025-12-11T08:05:17.439Z] [INFO] [eece55af-3b02-4d1c-8a42-ef79016ad19e] GET /api/users/me - Request finished with status 304
[2025-12-11T08:05:17.441Z] [INFO] [20c5f04e-ed97-4e0d-a414-dbc6d2f8793d] GET /api/budget/events - Request finished with status 304
[2025-12-11T08:05:17.452Z] [INFO] [f9d205fb-7d16-4883-9141-5976c208d063] GET /api/notifications - Request finished with status 201
[2025-12-11T08:05:17.524Z] [INFO] [6a28f55c-c7e4-4381-809f-c1d382b9dee0] GET /api/users/me - Request finished with status 304
[2025-12-11T08:05:17.606Z] [INFO] [e746d4d4-0416-45f3-9b7f-29de31da14a6] GET /api/users/me - Request finished with status 304
[2025-12-11T08:05:17.695Z] [INFO] [e99469ea-3c46-4f25-b1c8-f6d08cce5d70] GET /api/users/me - Request finished with status 304
[2025-12-11T08:05:17.781Z] [INFO] [ad9fcfd0-4512-4fce-aa69-c859ec9b6707] GET /api/users/me - Request finished with status 304
[2025-12-11T08:05:17.908Z] [INFO] [d92c2e23-09d8-402e-a8d5-bd79d96f4724] GET /api/notifications - Request finished with status 201
[2025-12-11T08:05:18.109Z] [INFO] [0dcb10f0-aa87-4716-80fc-9e905530c924] GET /api/dashboard/supplier/charts - Request finished with status 304
[2025-12-11T08:05:18.609Z] [INFO] [f9664680-b3c2-49fa-9ddc-52f1e6e0f0d2] GET /api/dashboard/supplier/charts - Request finished with status 304
[2025-12-11T08:05:18.681Z] [INFO] [ebf8715b-e00b-44fc-b396-927ce59e9295] GET /api/dashboard/summarySupplier - Request finished with status 304
[2025-12-11T08:05:19.751Z] [INFO] [780a0de5-69fa-4aed-9f2e-6762b90c1f82] GET /api/users/me - Request finished with status 304
[2025-12-11T08:05:19.840Z] [INFO] [fcc433b6-4aa2-4e1e-9978-f7641fbe31eb] GET /api/users/me - Request finished with status 304
[2025-12-11T08:05:19.929Z] [INFO] [64835f90-81d3-4cae-93e8-bda68b322afe] GET /api/users/me - Request finished with status 304
[2025-12-11T08:05:20.018Z] [INFO] [a9142f02-222c-46f2-b651-4d5fdf386e07] GET /api/users/me - Request finished with status 304
[2025-12-11T08:05:20.160Z] [INFO] [ba40ea2f-9fdc-4529-8b08-ed527960fcf8] GET /api/users/me - Request finished with status 304
[2025-12-11T08:05:20.233Z] [INFO] [c0af5727-cec4-4105-9e39-ad112d81b8ae] GET /api/budget/events - Request finished with status 304
[2025-12-11T08:05:20.259Z] [INFO] [b1467de1-2424-455d-bc38-338516637451] GET /api/users/me - Request finished with status 304
[2025-12-11T08:05:20.263Z] [INFO] [d497d84b-d829-4905-b96b-55eec39309d4] GET /api/users/me - Request finished with status 304
[2025-12-11T08:05:20.345Z] [INFO] [f688798e-64fc-45fa-b226-4fbf1faaf065] GET /api/users/me - Request finished with status 304
[2025-12-11T08:05:20.410Z] [INFO] [73e71856-4fb4-47fb-9c4e-420a9b81a3d3] GET /api/budget/events - Request finished with status 304
[2025-12-11T08:05:20.412Z] [INFO] [0b5492cd-2d62-41d0-b1f1-875ba8079a40] GET /api/notifications - Request finished with status 201
[2025-12-11T08:05:20.432Z] [INFO] [0e0fc5c9-d831-41cb-ba66-ab6d6cdfa183] GET /api/users/me - Request finished with status 304
[2025-12-11T08:05:20.628Z] [INFO] [5fe349e8-f495-47b5-a1bd-ce80f32ce996] GET /api/users/me - Request finished with status 304
[2025-12-11T08:05:20.802Z] [INFO] [1cdf803b-fbb2-4306-a382-be58e0072a69] GET /api/users/me - Request finished with status 304
[2025-12-11T08:05:20.891Z] [INFO] [5553202e-25a9-4bbe-8e0d-a6962c7af9bb] GET /api/users/me - Request finished with status 304
[2025-12-11T08:05:21.069Z] [INFO] [fa874541-bcc5-4081-905c-a8950c59d098] GET /api/notifications - Request finished with status 201
[2025-12-11T08:05:21.231Z] [INFO] [029d1222-5d10-46f5-ac6b-1de645956a49] GET /api/dashboard/supplier/charts - Request finished with status 304
[2025-12-11T08:05:21.723Z] [INFO] [bbbdec12-43c9-416b-adbb-226cb4f67145] GET /api/dashboard/summarySupplier - Request finished with status 200
[2025-12-11T08:05:21.730Z] [INFO] [63f9a0a7-1abe-40e1-8291-86f465572eb0] GET /api/dashboard/supplier/charts - Request finished with status 304
[2025-12-11T08:05:22.791Z] [INFO] [dd1f8bd6-2803-4086-8ae6-e1cf8a2fc132] GET /api/dashboard/summarySupplier - Request finished with status 304
[2025-12-11T08:05:34.205Z] [INFO] [6530f874-34a9-4f16-9245-6451ccddef38] GET /api/users/me - Request finished with status 304
[2025-12-11T08:05:34.305Z] [INFO] [0012d36c-75a8-4346-86a3-4a53f875c82e] GET /api/users/me - Request finished with status 304
[2025-12-11T08:05:34.402Z] [INFO] [5eb02d1b-f7cd-4762-8da1-825a93ba226c] GET /api/users/me - Request finished with status 304
[2025-12-11T08:05:34.500Z] [INFO] [6b2d66f9-f234-4208-a80d-19d683344e7c] GET /api/users/me - Request finished with status 304
[2025-12-11T08:05:34.683Z] [INFO] [bdc126d3-7da7-4a51-81c5-d72a838b6269] GET /api/users/me - Request finished with status 304
[2025-12-11T08:05:34.764Z] [INFO] [c1644db7-ce69-4166-a020-f60150a8155b] GET /api/budget/events - Request finished with status 304
[2025-12-11T08:05:34.777Z] [INFO] [a01db490-caa8-471d-9e20-b3e565225499] GET /api/users/me - Request finished with status 304
[2025-12-11T08:05:34.815Z] [INFO] [f511f38f-5683-4d65-b951-306632412573] GET /api/users/me - Request finished with status 304
[2025-12-11T08:05:34.903Z] [INFO] [7bb77781-e800-4908-8ecb-e2868284527e] GET /api/users/me - Request finished with status 304
[2025-12-11T08:05:34.952Z] [INFO] [6812947e-3441-48ec-a8be-636efcd89df4] GET /api/budget/events - Request finished with status 304
[2025-12-11T08:05:35.134Z] [INFO] [21dea1ab-e40c-49d0-9693-3f1428b0737d] GET /api/notifications - Request finished with status 201
[2025-12-11T08:05:35.364Z] [INFO] [00bc5c92-95a0-46e2-b4ed-f70ba37fa630] GET /api/users/me - Request finished with status 304
[2025-12-11T08:05:35.946Z] [INFO] [01b42eaa-0a15-4c9e-bd87-a7d29d21965c] GET /api/users/me - Request finished with status 304
[2025-12-11T08:05:36.051Z] [INFO] [47ed14da-2844-4e58-8d35-933fff5574b9] GET /api/users/me - Request finished with status 304
[2025-12-11T08:05:36.299Z] [INFO] [18535bb6-199d-479a-81c7-a416b36fedc0] GET /api/users/me - Request finished with status 304
[2025-12-11T08:05:36.434Z] [INFO] [7c041cec-b36f-4b55-8879-f34c81691ec0] GET /api/dashboard/supplier/charts - Request finished with status 304
[2025-12-11T08:05:36.532Z] [INFO] [d3c82689-e363-49cb-bc16-e92e8183747b] GET /api/notifications - Request finished with status 201
[2025-12-11T08:05:36.920Z] [INFO] [e73ac5b1-1a43-451c-a741-3d38ce0c1e92] GET /api/dashboard/supplier/charts - Request finished with status 304
[2025-12-11T08:05:37.048Z] [INFO] [ebf2cc6a-bf34-4ffd-a1e8-a6bc38fdcd7e] GET /api/dashboard/summarySupplier - Request finished with status 304
[2025-12-11T08:05:38.201Z] [INFO] [7c2881bd-e753-4831-92ab-d83a142c206f] GET /api/dashboard/summarySupplier - Request finished with status 304
[2025-12-11T08:05:38.461Z] [INFO] [60248bf4-58bd-4945-a9f4-4b4f3053dd56] GET /api/users/me - Request finished with status 304
[2025-12-11T08:05:38.580Z] [INFO] [429176db-4c0b-49a6-84ed-9507305f314a] GET /api/users/me - Request finished with status 304
[2025-12-11T08:05:38.671Z] [INFO] [113759de-6cec-44fa-9f09-dfebcc34c4b1] GET /api/users/me - Request finished with status 304
[2025-12-11T08:05:38.763Z] [INFO] [b6b232f3-d173-4251-a8b3-d20c58e8b340] GET /api/users/me - Request finished with status 304
[2025-12-11T08:05:39.026Z] [INFO] [7bb87c13-1d72-4f5f-97b3-0539ce65eaf4] GET /api/users/me - Request finished with status 304
[2025-12-11T08:05:39.063Z] [INFO] [d7f1ff31-34ab-40fb-85b3-6a67890be808] GET /api/budget/events - Request finished with status 304
[2025-12-11T08:05:39.173Z] [INFO] [e7515ef3-14a4-492e-8dbd-8a8bdf7e0bef] GET /api/users/me - Request finished with status 304
[2025-12-11T08:05:39.263Z] [INFO] [55ded918-2112-4877-a4c5-8c9bd969c2e6] GET /api/budget/events - Request finished with status 304
[2025-12-11T08:05:39.363Z] [INFO] [59bc9fcf-5a85-4dd2-9be1-c2710fdb4798] GET /api/notifications - Request finished with status 201
[2025-12-11T08:05:40.002Z] [INFO] [06fbc462-d475-4717-84c8-a7ee23f19983] GET /api/users/me - Request finished with status 304
[2025-12-11T08:05:40.102Z] [INFO] [f53b780b-6588-4630-8052-28db092f460c] GET /api/users/me - Request finished with status 304
[2025-12-11T08:05:40.195Z] [INFO] [872375c1-5d3d-486f-8a34-2b7c17f73b21] GET /api/users/me - Request finished with status 304
[2025-12-11T08:05:40.287Z] [INFO] [610fdd17-9df8-422b-be84-849939276a07] GET /api/users/me - Request finished with status 304
[2025-12-11T08:05:40.474Z] [INFO] [81f7a8e1-3c92-40f5-bd15-280e98b4331d] GET /api/users/me - Request finished with status 304
[2025-12-11T08:05:40.565Z] [INFO] [eb142497-6a83-4658-9589-90f7fc4d660d] GET /api/users/me - Request finished with status 304
[2025-12-11T08:05:40.715Z] [INFO] [b9876cf9-e269-42b5-9579-e01758b76782] GET /api/notifications - Request finished with status 201
[2025-12-11T08:05:40.937Z] [INFO] [108b56c5-b26d-4756-b879-581147ff66f8] GET /api/dashboard/supplier/charts - Request finished with status 304
[2025-12-11T08:05:41.528Z] [INFO] [c991cead-82c1-4dcc-92b8-88001b86f125] GET /api/dashboard/supplier/charts - Request finished with status 304
[2025-12-11T08:05:41.689Z] [INFO] [125957c1-71ef-4021-8b48-8e7eb707eee7] GET /api/dashboard/summarySupplier - Request finished with status 304
[2025-12-11T08:05:42.424Z] [INFO] [9693309c-0f5c-4da6-a467-e3ed8f516d30] GET /api/users/me - Request finished with status 304
[2025-12-11T08:05:42.507Z] [INFO] [08dae31c-1ce9-446a-b81a-c1a2f043800d] GET /api/users/me - Request finished with status 304
[2025-12-11T08:05:42.592Z] [INFO] [9ef26ddf-b638-4d1c-9401-701b6fbff546] GET /api/users/me - Request finished with status 304
[2025-12-11T08:05:42.695Z] [INFO] [6b3a350d-056c-4972-972d-b5c4feb4886d] GET /api/users/me - Request finished with status 304
[2025-12-11T08:05:42.848Z] [INFO] [a6822b52-dec5-4371-810b-93f74c59dadd] GET /api/users/me - Request finished with status 304
[2025-12-11T08:05:42.923Z] [INFO] [5ca00d3c-b31e-4084-a8de-726ab54f112f] GET /api/budget/events - Request finished with status 304
[2025-12-11T08:05:42.955Z] [INFO] [a3673eef-afdf-4e2b-b372-8f8a544ae94a] GET /api/users/me - Request finished with status 304
[2025-12-11T08:05:43.161Z] [INFO] [35b7944b-f914-44b2-9cf9-e7b8373439b8] GET /api/budget/events - Request finished with status 304
[2025-12-11T08:05:43.238Z] [INFO] [329c37cc-328f-4b45-b684-559eacac07b8] GET /api/notifications - Request finished with status 201
[2025-12-11T08:05:44.068Z] [INFO] [b23a6367-6f90-4091-be90-c0fe08500310] GET /api/users/me - Request finished with status 304
[2025-12-11T08:05:44.155Z] [INFO] [2b86538f-63a9-43c5-acc2-8a01e96118ce] GET /api/users/me - Request finished with status 304
[2025-12-11T08:05:44.247Z] [INFO] [927b5e4c-b548-4084-9243-c270875cd116] GET /api/users/me - Request finished with status 304
[2025-12-11T08:05:44.329Z] [INFO] [3b712eb5-6b40-47a2-a436-a45a7992ca45] GET /api/users/me - Request finished with status 304
[2025-12-11T08:05:44.455Z] [INFO] [3ed14a1c-1eed-4c1c-a8f4-c09b000e7563] GET /api/users/me - Request finished with status 304
[2025-12-11T08:05:44.544Z] [INFO] [283815d0-fb35-41e0-bc6a-4278796ae6ef] GET /api/users/me - Request finished with status 304
[2025-12-11T08:05:44.673Z] [INFO] [1aee73ab-be09-4341-9eeb-4d4e5f375ead] GET /api/notifications - Request finished with status 201
[2025-12-11T08:05:44.846Z] [INFO] [a9fc1f29-be73-46e9-b8b8-266fab1e8bf1] GET /api/dashboard/supplier/charts - Request finished with status 304
[2025-12-11T08:05:45.377Z] [INFO] [11ca3925-f735-457e-903b-3f2ad3bfbe25] GET /api/dashboard/supplier/charts - Request finished with status 304
[2025-12-11T08:05:45.447Z] [INFO] [e892b2fa-6c67-4d10-a547-3f94c4a06457] GET /api/dashboard/summarySupplier - Request finished with status 200
[2025-12-11T08:05:46.551Z] [INFO] [21059fdb-aacb-4152-ba8c-d90ec6651199] GET /api/dashboard/summarySupplier - Request finished with status 304
[2025-12-11T08:06:08.464Z] [INFO] [886c7fe4-181e-4621-81f1-6ef027f7bb47] GET /api/users/me - Request finished with status 304
[2025-12-11T08:06:08.579Z] [INFO] [580ba688-190d-4b43-91ab-65d758cfd6a6] GET /api/users/me - Request finished with status 304
[2025-12-11T08:06:08.675Z] [INFO] [c1b9044c-7c72-4172-9f4f-af6b4f8b3f74] GET /api/users/me - Request finished with status 304
[2025-12-11T08:06:08.772Z] [INFO] [f4a7349f-c8e4-4146-a1ee-e606ce71851d] GET /api/users/me - Request finished with status 304
[2025-12-11T08:06:08.984Z] [INFO] [1acedbe1-4201-4006-86f9-412b977a4c9c] GET /api/users/me - Request finished with status 304
[2025-12-11T08:06:09.079Z] [INFO] [6e0877c9-69ba-44c0-bad9-a9847a030116] GET /api/budget/events - Request finished with status 304
[2025-12-11T08:06:09.081Z] [INFO] [911ab842-c2e1-4da2-a5ae-3920c59a2f0c] GET /api/users/me - Request finished with status 304
[2025-12-11T08:06:09.254Z] [INFO] [ee16571f-deb4-4121-8629-2645caf8826f] GET /api/budget/events - Request finished with status 304
[2025-12-11T08:06:09.429Z] [INFO] [6f17e0f2-f949-4c48-a215-3fc5d9e25b02] GET /api/notifications - Request finished with status 201
[2025-12-11T08:06:09.660Z] [INFO] [adba8b7e-4f05-4fdb-8a3d-7a1172f1254a] GET /api/users/me - Request finished with status 304
[2025-12-11T08:06:09.742Z] [INFO] [524de7d8-f5ca-406c-a317-94f88445832e] GET /api/users/me - Request finished with status 304
[2025-12-11T08:06:09.826Z] [INFO] [5b06be3b-9532-433a-97b2-aec5e2edba43] GET /api/users/me - Request finished with status 304
[2025-12-11T08:06:09.908Z] [INFO] [fa7d07c7-88b9-466c-9076-3186cddec9e1] GET /api/users/me - Request finished with status 304
[2025-12-11T08:06:10.027Z] [INFO] [280b5f16-42a2-4f8a-bfba-1dd68407ca4e] GET /api/users/me - Request finished with status 304
[2025-12-11T08:06:10.117Z] [INFO] [b0998275-ebc2-4893-b4e2-63043c336ace] GET /api/users/me - Request finished with status 304
[2025-12-11T08:06:10.241Z] [INFO] [eb8b0dd2-f806-4aa1-a49f-4f97f8c1c842] GET /api/notifications - Request finished with status 201
[2025-12-11T08:06:10.439Z] [INFO] [e5f11515-7613-4634-9dce-4c34f78f55bc] GET /api/dashboard/supplier/charts - Request finished with status 304
[2025-12-11T08:06:11.011Z] [INFO] [385a983a-b563-4e20-8ea4-5063e2e11e0c] GET /api/dashboard/summarySupplier - Request finished with status 304
[2025-12-11T08:06:11.015Z] [INFO] [ee5c5326-903a-430a-88ac-deaeda4dc5de] GET /api/dashboard/supplier/charts - Request finished with status 304
[2025-12-11T08:06:12.108Z] [INFO] [d59a3d54-2ce0-4f74-8a1c-f5c5e9adc979] GET /api/dashboard/summarySupplier - Request finished with status 304
[2025-12-11T08:06:50.201Z] [INFO] [ee9cacfc-c482-4e81-91cb-9c18d60be5de] GET /api/users/me - Request finished with status 304
[2025-12-11T08:06:50.288Z] [INFO] [1fad32e4-6b8d-4859-a87d-42f366681169] GET /api/users/me - Request finished with status 304
[2025-12-11T08:06:50.387Z] [INFO] [e24af262-edf7-4271-8182-71324b175034] GET /api/users/me - Request finished with status 304
[2025-12-11T08:06:50.490Z] [INFO] [287f7c15-fd8f-4b46-b5a2-37dd9a267da1] GET /api/users/me - Request finished with status 304
[2025-12-11T08:06:50.623Z] [INFO] [0c94c201-076a-4ffc-992e-c3e6032dba42] GET /api/users/me - Request finished with status 304
[2025-12-11T08:06:50.709Z] [INFO] [761715a5-a62a-463f-8019-f4cb1242cc8b] GET /api/budget/events - Request finished with status 304
[2025-12-11T08:06:50.712Z] [INFO] [69e07e4b-5136-4e52-aaf8-7800290eb481] GET /api/users/me - Request finished with status 304
[2025-12-11T08:06:50.888Z] [INFO] [e8911b29-59cd-4029-b585-8967faa5127b] GET /api/budget/events - Request finished with status 304
[2025-12-11T08:06:50.901Z] [INFO] [67a4ea06-3a14-48eb-b865-722f2f1d72cd] GET /api/notifications - Request finished with status 201
[2025-12-11T08:06:51.141Z] [INFO] [17eb2c77-b0f5-424e-a7a0-cf72fcc14063] GET /api/users/me - Request finished with status 304
[2025-12-11T08:06:51.226Z] [INFO] [a9ac27a2-d3c1-411b-8c39-ce0477d9263b] GET /api/users/me - Request finished with status 304
[2025-12-11T08:06:51.326Z] [INFO] [754120c4-6cf5-4c46-b5ff-e48d01d1a59f] GET /api/users/me - Request finished with status 304
[2025-12-11T08:06:51.421Z] [INFO] [78896ed9-d6ce-46dd-98a3-833503b468bf] GET /api/users/me - Request finished with status 304
[2025-12-11T08:06:51.511Z] [INFO] [a0756624-4a15-446f-8002-1b87ae1c0b17] GET /api/users/me - Request finished with status 304
[2025-12-11T08:06:51.608Z] [INFO] [83d80768-f326-468c-abf9-c949f8e7abac] GET /api/users/me - Request finished with status 304
[2025-12-11T08:06:51.742Z] [INFO] [21b8b94a-0b01-4044-89a8-0573ee445e45] GET /api/notifications - Request finished with status 201
[2025-12-11T08:06:51.898Z] [INFO] [55d590bb-bd09-49e0-8c4d-1c7e74123a5e] GET /api/dashboard/supplier/charts - Request finished with status 304
[2025-12-11T08:06:52.401Z] [INFO] [b231293e-9356-4a4d-9bc6-3c3a5c1742d2] GET /api/dashboard/supplier/charts - Request finished with status 304
[2025-12-11T08:06:52.508Z] [INFO] [72c9e0a7-469b-4a55-96a8-dc70349f89d9] GET /api/dashboard/summarySupplier - Request finished with status 304
[2025-12-11T08:06:53.597Z] [INFO] [878dedbe-046b-4530-8e0c-9ff6824588d0] GET /api/dashboard/summarySupplier - Request finished with status 304
[2025-12-11T08:12:17.299Z] [INFO] [8a3d7573-0b02-4250-a2d7-50f5fe404870] POST /api/auth/logout - Request finished with status 200
[2025-12-11T08:12:27.150Z] [INFO] [05470ab8-6071-47ce-81ce-bd590d7b0a9f] POST /api/auth/login - Request finished with status 200
[2025-12-11T08:12:27.241Z] [INFO] [9589d06b-fe7a-4b56-a3bb-3636630d2f9f] GET /api/users/me - Request finished with status 200
[2025-12-11T08:12:27.334Z] [INFO] [5ddba8f7-4ee7-4900-9a41-1b5cc731a8c4] GET /api/users/me - Request finished with status 304
[2025-12-11T08:12:27.452Z] [INFO] [ecc0e2e7-2ef3-45f2-b781-397e3c69c9dc] GET /api/users/me - Request finished with status 304
[2025-12-11T08:12:27.539Z] [INFO] [3ed2a8ce-bbd6-48f5-bafd-7695acde7a1a] GET /api/users/me - Request finished with status 304
[2025-12-11T08:12:27.634Z] [INFO] [fe1914b2-f888-4c7e-93b8-fa3cae10ced4] GET /api/users/me - Request finished with status 304
[2025-12-11T08:12:27.723Z] [INFO] [d5d13f80-0c8a-4e51-b715-4c654e573fcc] GET /api/users/me - Request finished with status 304
[2025-12-11T08:12:27.811Z] [INFO] [b6bb4a51-196f-4ebc-b621-5a0a8d3505d9] GET /api/users/me - Request finished with status 304
[2025-12-11T08:12:27.858Z] [INFO] [65a887c3-425c-4435-be29-3e5ddcdd9b01] GET /api/notifications - Request finished with status 201
[2025-12-11T08:12:27.897Z] [INFO] [76fe5867-8fb3-4c81-a2cf-9975b5ef20a5] GET /api/users/me - Request finished with status 304
[2025-12-11T08:12:28.017Z] [INFO] [d4a9a780-6ac3-4004-af11-d3a9a2dbd637] GET /api/notifications - Request finished with status 201
[2025-12-11T08:12:28.185Z] [INFO] [c4db0b91-4549-40d5-bdcb-21db1d78dfda] GET /api/dashboard/supplier/charts - Request finished with status 200
[2025-12-11T08:12:28.653Z] [INFO] [d6aa978e-5fb5-4a79-a0ba-e5f3254f277f] GET /api/dashboard/summarySupplier - Request finished with status 200
[2025-12-11T08:12:28.692Z] [INFO] [4f024a49-db3f-4c64-b097-8bbffffd51a0] GET /api/dashboard/supplier/charts - Request finished with status 304
[2025-12-11T08:12:29.708Z] [INFO] [afc05ed8-e486-4264-8749-d56013ef000e] GET /api/dashboard/summarySupplier - Request finished with status 304
[2025-12-11T08:12:34.712Z] [INFO] [0b4c83e0-c11e-44dc-957e-4b44ab0eb2d4] GET /api/notifications - Request finished with status 201
[2025-12-11T08:12:34.896Z] [INFO] [d3e62082-7336-45f9-a2b3-ad708e5ec65d] GET /api/notifications - Request finished with status 201
[2025-12-11T08:14:26.468Z] [INFO] [649f6e22-0a40-41a6-8811-b7f3b786b568] GET /api/dashboard/supplier/charts - Request finished with status 304
[2025-12-11T08:14:26.958Z] [INFO] [3b61040f-7cc2-48ee-b10a-f24a563fcc99] GET /api/dashboard/supplier/charts - Request finished with status 304
[2025-12-11T08:14:27.001Z] [INFO] [08f65983-caf4-4a04-846e-bb36343b00b3] GET /api/dashboard/summarySupplier - Request finished with status 200
[2025-12-11T08:14:28.030Z] [INFO] [ac7a89c5-d6e1-4eb0-9bfc-4e8c9da5b3c8] GET /api/dashboard/summarySupplier - Request finished with status 304
[2025-12-11T08:14:31.005Z] [INFO] [44cb187c-4b51-4a3c-876b-c05d36126e5c] GET /api/users/me - Request finished with status 304
[2025-12-11T08:14:31.086Z] [INFO] [5a591fbd-243c-422a-a764-f23434f6582c] GET /api/users/me - Request finished with status 304
[2025-12-11T08:14:31.180Z] [INFO] [a6488f6b-1437-4c3a-b914-86fa08db0a14] GET /api/users/me - Request finished with status 304
[2025-12-11T08:14:31.262Z] [INFO] [6535e0c6-e257-469e-9174-c0c6a12abecb] GET /api/users/me - Request finished with status 304
[2025-12-11T08:14:31.343Z] [INFO] [62185d06-d354-4cb4-8fa3-b5e88496dea5] GET /api/users/me - Request finished with status 304
[2025-12-11T08:14:31.423Z] [INFO] [8d33338d-9b16-483b-9ff4-96a247a2cf02] GET /api/users/me - Request finished with status 304
[2025-12-11T08:14:31.540Z] [INFO] [1e25c155-6c69-4236-994e-8224767718db] GET /api/notifications - Request finished with status 201
[2025-12-11T08:14:32.891Z] [INFO] [823e6380-a195-44f9-a043-74cc0d40cf2d] GET /api/payments/supplier?page=1&limit=10&searchTerm= - Request finished with status 200
[2025-12-11T08:14:34.349Z] [INFO] [8f84f613-c710-4000-9242-1747ba1b116c] GET /api/dashboard/supplier/charts - Request finished with status 304
[2025-12-11T08:14:34.832Z] [INFO] [cc503331-bee4-47c5-9386-7156c4f2fcac] GET /api/dashboard/supplier/charts - Request finished with status 304
[2025-12-11T08:14:34.909Z] [INFO] [5cd19e98-71d7-47f9-9c6a-0f48b74a8ada] GET /api/dashboard/summarySupplier - Request finished with status 304
[2025-12-11T08:14:35.954Z] [INFO] [5b863f17-131f-4a0c-b247-dcc04adecdaa] GET /api/dashboard/summarySupplier - Request finished with status 304
[2025-12-11T08:14:36.104Z] [INFO] [9037d3f1-c963-4132-a3bb-95355395b564] GET /api/notifications - Request finished with status 201
[2025-12-11T08:14:36.259Z] [INFO] [214ec010-7773-4842-953d-07211a43c8d8] GET /api/notifications - Request finished with status 201
[2025-12-11T08:14:43.641Z] [INFO] [7c5058c5-3229-498e-b45e-33a0367d8f15] GET /api/requests/supplier?page=1&limit=10&debouncedSearch= - Request finished with status 200
[2025-12-11T08:14:43.976Z] [INFO] [6bd43ed2-0def-457c-9190-1354aa9cbba8] GET /api/requests/supplier?page=1&limit=10&debouncedSearch= - Request finished with status 304
[2025-12-11T08:17:31.284Z] [INFO] [52c63b6e-acaa-49e0-b544-dc3832eb177d] GET /api/users/me - Request finished with status 304
[2025-12-11T08:17:31.369Z] [INFO] [e1b51fe4-b091-4b2c-b2be-3d8934e7a4cb] GET /api/users/me - Request finished with status 304
[2025-12-11T08:17:31.453Z] [INFO] [0039caee-cc32-4009-b75f-cdb036097e67] GET /api/users/me - Request finished with status 304
[2025-12-11T08:17:31.536Z] [INFO] [47cb6c21-415e-4fb4-8f54-84c3b78e9933] GET /api/users/me - Request finished with status 304
[2025-12-11T08:17:31.620Z] [INFO] [654f5f52-9785-4f5c-83e0-18b846ec42c0] GET /api/users/me - Request finished with status 304
[2025-12-11T08:17:31.704Z] [INFO] [1695d051-81d2-437e-8b5e-414d2d81b677] GET /api/users/me - Request finished with status 304
[2025-12-11T08:17:31.804Z] [INFO] [910c3e2a-26dc-4468-a373-ebe9bb8a04dc] GET /api/notifications - Request finished with status 201
[2025-12-11T08:17:31.842Z] [INFO] [5db976ee-336b-44d6-86d1-8803499fb950] GET /api/requests/supplier?page=1&limit=10&debouncedSearch= - Request finished with status 304
[2025-12-11T08:17:32.169Z] [INFO] [5e2c877f-dd5d-4d46-8d53-c8e63bace888] GET /api/requests/supplier?page=1&limit=10&debouncedSearch= - Request finished with status 304
[2025-12-11T08:44:41.052Z] [INFO] [c68f5843-b914-4890-9a78-4ef3f9c9d90e] POST /api/auth/google - Request finished with status 200
[2025-12-11T08:44:41.158Z] [INFO] [f1146b23-4f04-4cd6-b92e-4eadb0409ffb] GET /api/users/me - Request finished with status 200
[2025-12-11T08:44:41.247Z] [INFO] [63bb86bf-9866-4c83-ad48-01b39819490a] GET /api/users/me - Request finished with status 304
[2025-12-11T08:44:41.365Z] [INFO] [75aac696-8171-4350-82da-13b8862bb567] GET /api/users/me - Request finished with status 304
[2025-12-11T08:44:41.459Z] [INFO] [bd11c1d6-69b9-4a43-b839-1ea68dccf6f7] GET /api/users/me - Request finished with status 304
[2025-12-11T08:44:41.546Z] [INFO] [2b376cf8-9e03-44e9-965c-6517af2b3f85] GET /api/users/me - Request finished with status 304
[2025-12-11T08:44:41.646Z] [INFO] [8f1d858d-d791-497d-b1c0-70d3fdc18bb9] GET /api/users/me - Request finished with status 304
[2025-12-11T08:44:41.784Z] [INFO] [7ca2fd28-efae-4bbf-9e13-b9bbbd81a282] GET /api/users/me - Request finished with status 304
[2025-12-11T08:44:41.872Z] [INFO] [9ac235ed-7004-42c9-b544-7d7cdd4fb6ad] GET /api/notifications - Request finished with status 201
[2025-12-11T08:44:41.877Z] [INFO] [21236fdb-3271-4521-aa3e-12dfbae782e4] GET /api/users/me - Request finished with status 304
[2025-12-11T08:44:42.061Z] [INFO] [46ee1434-6662-4b2b-8f7c-e6ec7c56ee63] GET /api/notifications - Request finished with status 201
[2025-12-11T08:44:42.213Z] [INFO] [a79abe2c-b293-4f1d-b94f-6688ab9ffa8f] GET /api/dashboard/supplier/charts - Request finished with status 200
[2025-12-11T08:44:42.752Z] [INFO] [e769b3a5-4cef-4934-9ce8-7ba34242750f] GET /api/dashboard/summarySupplier - Request finished with status 200
[2025-12-11T08:44:42.759Z] [INFO] [a905cf13-7439-44fb-8e38-3a0472fadf52] GET /api/dashboard/supplier/charts - Request finished with status 304
[2025-12-11T08:44:43.953Z] [INFO] [05121b82-267a-441b-88f6-7639f80391d3] GET /api/dashboard/summarySupplier - Request finished with status 304
[2025-12-11T08:49:50.697Z] [INFO] [2c4520c0-981f-485d-9e5f-638852c4fc96] GET /api/users/me - Request finished with status 304
[2025-12-11T08:49:51.458Z] [INFO] [bceb04b7-61a2-4f76-83ba-61822f380533] GET /api/users/me - Request finished with status 304
[2025-12-11T08:49:52.001Z] [INFO] [5a1f0824-c30a-45fe-a6fc-c2a69728a118] GET /api/users/me - Request finished with status 304
[2025-12-11T08:49:52.940Z] [INFO] [a017609c-c17c-49c5-8503-2d0fda7dbae9] GET /api/users/me - Request finished with status 304
[2025-12-11T08:49:53.115Z] [INFO] [334dd93f-598d-465e-bef3-5e52f2d7b231] GET /api/budget/events - Request finished with status 304
[2025-12-11T08:49:53.123Z] [INFO] [1f9f1ed4-6050-4eee-8496-34133d180bc2] GET /api/users/me - Request finished with status 304
[2025-12-11T08:49:53.222Z] [INFO] [09037f72-980d-4392-9f5a-9cd18d05ace4] GET /api/users/me - Request finished with status 304
[2025-12-11T08:49:53.441Z] [INFO] [565760ac-28f0-4649-94fe-b046b20167e7] GET /api/notifications - Request finished with status 201
[2025-12-11T08:49:53.628Z] [INFO] [ef9e4f04-386e-4d9f-a29a-1299c1d6dc4f] GET /api/budget/events - Request finished with status 304
[2025-12-11T08:49:55.377Z] [INFO] [c2f814ed-3ed6-41d5-b4b0-16ee8233606e] GET /api/dashboard/user/charts - Request finished with status 304
[2025-12-11T08:49:55.746Z] [INFO] [492a015b-475c-4de5-b8d4-e8b6aee80422] GET /api/dashboard/summaryUser - Request finished with status 200
[2025-12-11T08:49:55.792Z] [INFO] [258aa503-9209-4b3d-a5c9-a35f76df1d46] GET /api/dashboard/user/charts - Request finished with status 304
[2025-12-11T08:49:56.542Z] [INFO] [f0dddcfc-e73b-466e-9087-154da0c51712] GET /api/dashboard/summaryUser - Request finished with status 304
[2025-12-11T08:51:12.644Z] [INFO] [786d4bca-393a-45ee-9f85-e12feab89b0b] POST /api/auth/logout - Request finished with status 200
[2025-12-11T08:51:17.452Z] [INFO] [6b15f343-d864-4d0c-beb8-2d59df648e23] POST /api/auth/google - Request finished with status 200
[2025-12-11T08:51:17.562Z] [INFO] [2e738baf-d262-43ba-878d-43f6e2a42b2b] GET /api/users/me - Request finished with status 304
[2025-12-11T08:51:17.670Z] [INFO] [878aa0d5-5ce0-4254-9bf1-ecaabbb1d5fc] GET /api/users/me - Request finished with status 304
[2025-12-11T08:51:17.807Z] [INFO] [063a12a2-fbcb-453e-89a4-1efada9f29ee] GET /api/users/me - Request finished with status 304
[2025-12-11T08:51:17.911Z] [INFO] [711aa962-b821-42e8-aad7-63a8b413a61e] GET /api/users/me - Request finished with status 304
[2025-12-11T08:51:18.020Z] [INFO] [ee8bb487-6d69-4b9a-890a-1008e6c93680] GET /api/users/me - Request finished with status 304
[2025-12-11T08:51:18.125Z] [INFO] [a394757f-c8c1-4a20-bfc9-983c9a567fe7] GET /api/users/me - Request finished with status 304
[2025-12-11T08:51:18.263Z] [INFO] [6fdad21d-df72-4cf1-82ba-e80103c16903] GET /api/users/me - Request finished with status 304
[2025-12-11T08:51:18.338Z] [INFO] [f236574b-579b-472a-a4f3-b4ba4585b77a] GET /api/notifications - Request finished with status 201
[2025-12-11T08:51:18.344Z] [INFO] [6c7917e3-f946-44ed-89df-236421575623] GET /api/users/me - Request finished with status 304
[2025-12-11T08:51:18.496Z] [INFO] [0be9a637-0323-445c-9c12-e332e90ba642] GET /api/notifications - Request finished with status 201
[2025-12-11T08:51:18.608Z] [INFO] [2152d9df-34cd-4c1a-8456-3bab58ece59d] GET /api/dashboard/user/charts - Request finished with status 304
[2025-12-11T08:51:18.987Z] [INFO] [09b79f70-7174-4138-bcae-3281189bff96] GET /api/dashboard/summaryUser - Request finished with status 304
[2025-12-11T08:51:19.021Z] [INFO] [ebadd92f-8f06-459c-9061-904fc47a820f] GET /api/dashboard/user/charts - Request finished with status 304
[2025-12-11T08:51:19.790Z] [INFO] [44f4c288-23fa-4899-ab76-7fdd1cbc4cb7] GET /api/dashboard/summaryUser - Request finished with status 304
[2025-12-11T10:11:37.874Z] [INFO] [f54abaaa-0c53-453f-a47e-183ce683376a] POST /api/auth/login - Request finished with status 200
[2025-12-11T10:11:37.967Z] [INFO] [5b435678-c2a6-4e13-9bfd-e101a7e909cc] GET /api/users/me - Request finished with status 200
[2025-12-11T10:11:38.060Z] [INFO] [08a07c73-51d3-48d9-aab6-787c0a3033d4] GET /api/users/me - Request finished with status 304
[2025-12-11T10:11:38.177Z] [INFO] [c3745758-1263-4e5b-9db2-00bc2e91ede4] GET /api/users/me - Request finished with status 304
[2025-12-11T10:11:38.282Z] [INFO] [c417df9a-b7e0-40dc-a1be-39f0f2c87775] GET /api/users/me - Request finished with status 304
[2025-12-11T10:11:38.371Z] [INFO] [6db47f05-2f78-4ecd-8357-9fc5ea52d479] GET /api/users/me - Request finished with status 304
[2025-12-11T10:11:38.463Z] [INFO] [17c134bb-59a6-43d8-af59-c82910f77c91] GET /api/users/me - Request finished with status 304
[2025-12-11T10:11:38.594Z] [INFO] [c5222f94-26ef-441b-ba5e-a8032a8ad74d] GET /api/users/me - Request finished with status 304
[2025-12-11T10:11:38.674Z] [INFO] [af8b7145-1a20-485a-a8b9-b1beb517832f] GET /api/notifications - Request finished with status 201
[2025-12-11T10:11:38.677Z] [INFO] [61ec0e4e-b135-493a-8614-a112b21197e0] GET /api/users/me - Request finished with status 304
[2025-12-11T10:11:38.845Z] [INFO] [0f78df0a-c61d-4714-92d2-a288f9026cc9] GET /api/notifications - Request finished with status 201
[2025-12-11T10:11:38.970Z] [INFO] [7ac9c0c2-1a6b-4f33-8f6a-e7f996fb192b] GET /api/dashboard/supplier/charts - Request finished with status 200
[2025-12-11T10:11:39.432Z] [INFO] [16491a96-1d60-4f88-9f10-b04b70b069e9] GET /api/dashboard/supplier/charts - Request finished with status 304
[2025-12-11T10:11:39.481Z] [INFO] [5af44249-f360-4f86-8a95-86e90589d45d] GET /api/dashboard/summarySupplier - Request finished with status 200
[2025-12-11T10:11:40.454Z] [INFO] [df01ce2a-1185-4572-96fd-6c83d97b6956] GET /api/dashboard/summarySupplier - Request finished with status 304
[2025-12-11T10:15:19.940Z] [INFO] [748d89e7-0d8c-424c-86c1-5eb371335b46] GET /api/notifications - Request finished with status 201
[2025-12-11T10:15:20.106Z] [INFO] [0c93f56a-6eff-4f55-9812-d38612075159] GET /api/notifications - Request finished with status 201
[2025-12-11T10:15:36.306Z] [INFO] [70cf2d29-3f69-4080-acd4-0f4e52ad3649] GET /api/users/me - Request finished with status 304
[2025-12-11T10:15:36.388Z] [INFO] [b3b6fc20-7ee8-446f-964e-2e797c1e7835] GET /api/users/me - Request finished with status 304
[2025-12-11T10:15:36.482Z] [INFO] [ba6915b4-19a5-49d4-9ae5-7d1e256d8308] GET /api/users/me - Request finished with status 304
[2025-12-11T10:15:36.575Z] [INFO] [2b903460-d587-4032-9279-215b7f94d885] GET /api/users/me - Request finished with status 304
[2025-12-11T10:15:36.704Z] [INFO] [8a14fa8d-9426-4366-a5cd-9217032640c2] GET /api/users/me - Request finished with status 304
[2025-12-11T10:15:36.795Z] [INFO] [14912a6d-d1ac-459d-8438-a74e13d0ce62] GET /api/users/me - Request finished with status 304
[2025-12-11T10:15:36.942Z] [INFO] [211ffdca-13a0-42e8-ad09-ffb79eb2d1b8] GET /api/notifications - Request finished with status 201
[2025-12-11T10:15:37.001Z] [INFO] [3b657942-0ae2-4f52-9315-f7e3078961b6] GET /api/dashboard/user/charts - Request finished with status 304
[2025-12-11T10:15:37.344Z] [INFO] [2737c8aa-1d6a-4d95-9af5-54f3a6f0681b] GET /api/dashboard/summaryUser - Request finished with status 200
[2025-12-11T10:15:37.420Z] [INFO] [7efe9198-c04c-4fb1-a96f-c94cd4801b15] GET /api/dashboard/user/charts - Request finished with status 304
[2025-12-11T10:15:38.016Z] [INFO] [7d1daefb-0161-40c0-91d1-a8feab4d17d4] GET /api/dashboard/summaryUser - Request finished with status 304
[2025-12-11T10:15:40.556Z] [INFO] [0c3d06cb-05cf-4e97-ac18-5c5ef3f3f491] GET /api/notifications - Request finished with status 201
[2025-12-11T10:15:40.708Z] [INFO] [d2844433-622f-42a6-9a93-25bc085b88cd] GET /api/notifications - Request finished with status 201
[2025-12-11T10:25:30.908Z] [INFO] [62c1fa36-7914-478c-bd7c-646dfcaf281c] GET /api/users/me - Request finished with status 304
[2025-12-11T10:25:30.995Z] [INFO] [a2b83c1d-5ece-40a7-a9ce-c0a9fae7bbce] GET /api/users/me - Request finished with status 304
[2025-12-11T10:25:31.086Z] [INFO] [4fb8b95b-d150-4488-9570-1a1ac8655620] GET /api/users/me - Request finished with status 304
[2025-12-11T10:25:31.165Z] [INFO] [d05a63d7-66b0-47cf-b89b-4f622d489a92] GET /api/users/me - Request finished with status 304
[2025-12-11T10:25:31.279Z] [INFO] [b9d29fe0-ae61-45a1-9d60-ff899ed91951] GET /api/users/me - Request finished with status 304
[2025-12-11T10:25:31.332Z] [INFO] [8ae6a855-f001-46c0-9d94-b953db5cfd30] GET /api/notifications - Request finished with status 201
[2025-12-11T10:25:31.376Z] [INFO] [2faa2a7a-b976-4016-823b-cb1c763a05c8] GET /api/users/me - Request finished with status 304
[2025-12-11T10:25:31.488Z] [INFO] [8e41e8b6-81c1-441c-b3b3-3e2346b06cc7] GET /api/notifications - Request finished with status 201
[2025-12-11T10:25:31.647Z] [INFO] [840d4954-0192-4fe2-adc3-47d92a49d81a] GET /api/notifications - Request finished with status 201
[2025-12-11T10:29:48.204Z] [INFO] [107a8a35-22ec-4477-a37a-60dc5d166e2d] GET /api/threads/supplier - Request finished with status 200
[2025-12-11T10:29:49.123Z] [INFO] [2bd67a63-d496-4420-b039-0ca3dbcb5e40] GET /api/threads/supplier - Request finished with status 304
[2025-12-11T10:29:50.763Z] [INFO] [401ed34b-3e62-4561-ba1c-f0cf70a0d8d1] GET /api/messages/6935494dbc37e27bf7174eb6 - Request finished with status 200
[2025-12-11T10:30:50.389Z] [INFO] [e2ec5cd1-dd8f-4315-911b-db172c5fa04b] GET /api/messages/6936c9e7a47b9033641c3b5b - Request finished with status 200
[2025-12-11T10:31:10.342Z] [INFO] [9396fe7f-194c-4424-bce0-69420251c9ce] GET /api/threads/user - Request finished with status 200
[2025-12-11T10:31:10.734Z] [INFO] [fb52a9ff-9015-4362-8b25-ece3f91b5e89] GET /api/threads/user - Request finished with status 304
[2025-12-11T10:31:11.685Z] [INFO] [20f9719f-a674-4607-888e-e0924d401b1e] GET /api/messages/6936c9e7a47b9033641c3b5b - Request finished with status 200
[2025-12-11T10:32:18.136Z] [INFO] [7e009a2e-a866-4e53-b501-9a1018ad2010] GET /api/dashboard/supplier/charts - Request finished with status 304
[2025-12-11T10:32:18.595Z] [INFO] [e6241cdc-8c69-430f-bb63-9bb9c325d5cf] GET /api/dashboard/supplier/charts - Request finished with status 304
[2025-12-11T10:32:18.656Z] [INFO] [421601da-6f16-46be-9222-c0a7c0f504ab] GET /api/dashboard/summarySupplier - Request finished with status 304
[2025-12-11T10:32:19.685Z] [INFO] [8b345a9d-b02a-4060-b820-50285293cbc9] GET /api/dashboard/summarySupplier - Request finished with status 304
[2025-12-11T10:32:19.776Z] [INFO] [8c3d2e75-3140-4d2d-9a37-8f634421f25f] GET /api/threads/supplier - Request finished with status 200
[2025-12-11T10:32:20.667Z] [INFO] [b6d23aa0-587a-46ea-89c5-27adcb077789] GET /api/threads/supplier - Request finished with status 304
[2025-12-11T10:32:22.300Z] [INFO] [af5b8c9f-3507-4f8c-b095-46f5a7095d3a] GET /api/messages/6936c9e7a47b9033641c3b5b - Request finished with status 200
[2025-12-11T10:32:50.043Z] [INFO] [4fc7d9b0-83b2-4eaf-ba3a-5c2b7a2c3870] POST /api/notifications/markAsRead - Request finished with status 201
[2025-12-11T10:32:52.620Z] [INFO] [d09e937b-15a3-4a35-8c9e-532c625ed38b] GET /api/requests/supplier?page=1&limit=10&debouncedSearch= - Request finished with status 200
[2025-12-11T10:32:52.934Z] [INFO] [33ec5344-ff78-4366-94ac-3aa15b6ddbaa] GET /api/requests/supplier?page=1&limit=10&debouncedSearch= - Request finished with status 304
[2025-12-11T10:33:00.352Z] [INFO] [99d1e231-4833-402d-9135-136161034830] POST /api/requests/693a989cf9af562dfc03a3db/approve - Request finished with status 200
[2025-12-11T10:36:03.102Z] [INFO] [f1346aec-515f-4482-8df8-3786445c85c7] GET /api/notifications - Request finished with status 201
[2025-12-11T10:36:03.255Z] [INFO] [aeee87cd-4686-4af2-831b-d239d9a237d1] GET /api/notifications - Request finished with status 201
[2025-12-11T10:36:13.022Z] [INFO] [eee20797-8c2f-4d0e-8311-c2403fb182fc] GET /api/notifications - Request finished with status 201
[2025-12-11T10:36:13.176Z] [INFO] [566ab6af-310a-4ea3-9018-2873a5465c60] GET /api/notifications - Request finished with status 201
[2025-12-11T10:36:29.873Z] [INFO] [fe8f2196-cbe9-4f63-b705-47fb49d1debf] GET /api/notifications - Request finished with status 201
[2025-12-11T10:36:30.528Z] [INFO] [898ef0d4-e71a-4300-8fed-01678146212c] GET /api/notifications - Request finished with status 201
[2025-12-11T10:36:47.946Z] [INFO] [ebc324b4-1240-4b6f-9a6e-40f07b6003e3] POST /api/notifications/markAsRead - Request finished with status 201
[2025-12-11T10:36:49.491Z] [INFO] [2def3e7c-9112-4047-8efb-ec1f1c48febb] POST /api/notifications/markAsRead - Request finished with status 201
[2025-12-11T10:45:19.652Z] [INFO] [d07791e0-23cd-4141-b1b0-4e81027370f9] GET /api/events - Request finished with status 200
[2025-12-11T10:45:19.827Z] [INFO] [e5463403-b7eb-4c4c-9a55-c44bf0ade773] GET /api/requests?page=1&limit=10&debouncedSearch= - Request finished with status 200
[2025-12-11T10:45:19.845Z] [INFO] [4d680822-4e90-40e6-a29c-7ccfbae26544] GET /api/events - Request finished with status 304
[2025-12-11T10:45:20.145Z] [INFO] [3dcd5497-74d8-4a6a-979a-ddd4354cf0d5] GET /api/requests?page=1&limit=10&debouncedSearch= - Request finished with status 304
[2025-12-11T10:45:25.503Z] [INFO] [3fd24e6d-ac80-4a36-bd1c-1686685c607f] GET /api/notifications - Request finished with status 201
[2025-12-11T10:45:25.656Z] [INFO] [749d11d0-baa8-401e-88f5-6f0387a0e3db] GET /api/notifications - Request finished with status 201
[2025-12-11T10:45:40.646Z] [INFO] [c036a6c7-f604-4db8-86ef-a018e667cf98] GET /api/requests/supplier?page=1&limit=10&debouncedSearch= - Request finished with status 200
[2025-12-11T10:45:40.973Z] [INFO] [b333f0b1-d8f1-4717-8f41-3902d05eb8e5] GET /api/requests/supplier?page=1&limit=10&debouncedSearch= - Request finished with status 304
[2025-12-11T10:46:05.493Z] [INFO] [2cf40d0e-13d1-42cd-893a-00354c7a6a8e] GET /api/file/upload-url?fileName=%D7%A1%D7%99%D7%9B%D7%95%D7%9D+-+%D7%99%D7%95%D7%9E%D7%95+%D7%A9%D7%9C+%D7%94%D7%90%D7%A7%D7%A8.pdf&contentType=application%2Fpdf - Request finished with status 200
[2025-12-11T10:46:09.055Z] [INFO] [544d62ec-a4dd-415d-b438-a140bf1490e1] POST /api/contracts - Request finished with status 201
[2025-12-11T10:46:23.591Z] [INFO] [17053a7f-e24d-46a7-b84c-ce394110b000] GET /api/users/me - Request finished with status 304
[2025-12-11T10:46:23.674Z] [INFO] [3997ff02-6f3e-4efa-b123-11fe0cf56860] GET /api/users/me - Request finished with status 304
[2025-12-11T10:46:23.755Z] [INFO] [e0aeb500-c7ce-45ac-adda-3cf3189202ed] GET /api/users/me - Request finished with status 304
[2025-12-11T10:46:23.837Z] [INFO] [d2736e65-bd27-4b7f-8cab-b56f28d87939] GET /api/users/me - Request finished with status 304
[2025-12-11T10:46:23.909Z] [INFO] [51cdd213-631b-41e1-9be0-13b059712f76] GET /api/users/me - Request finished with status 304
[2025-12-11T10:46:23.977Z] [INFO] [4b775f17-776a-43f2-9562-244d7014696b] GET /api/notifications - Request finished with status 201
[2025-12-11T10:46:23.983Z] [INFO] [5ca9767d-1504-4a3e-8b7b-51ae3856091e] GET /api/users/me - Request finished with status 304
[2025-12-11T10:46:24.132Z] [INFO] [95662222-8241-44bc-8c6b-00afa92a600d] GET /api/notifications - Request finished with status 201
[2025-12-11T10:46:24.314Z] [INFO] [4ec72153-3290-426b-b75b-8b6471f38abb] GET /api/notifications - Request finished with status 201
[2025-12-11T10:51:56.199Z] [INFO] [47378f3e-5938-4770-be1f-54e971586b76] GET /api/threads/supplier - Request finished with status 200
[2025-12-11T10:51:57.594Z] [INFO] [7dae7fcb-a77f-46c2-a79c-926aa4a8c2e0] GET /api/threads/supplier - Request finished with status 304
[2025-12-11T10:51:58.204Z] [INFO] [15206b35-9f0c-4789-876f-274dabec517a] GET /api/messages/6935494dbc37e27bf7174eb6 - Request finished with status 200
[2025-12-11T10:52:00.213Z] [INFO] [ae680492-2988-4eb9-a451-1d016792aa4c] GET /api/messages/6936c9e7a47b9033641c3b5b - Request finished with status 200
[2025-12-11T10:52:01.451Z] [INFO] [3e2da56f-45ad-44b6-97a6-d36bcef1946c] GET /api/messages/6935494dbc37e27bf7174eb6 - Request finished with status 200
[2025-12-11T10:53:10.235Z] [INFO] [26da2175-65b8-419a-93a0-76b1795c8f4e] GET /api/messages/6936c9e7a47b9033641c3b5b - Request finished with status 304
[2025-12-11T10:53:11.210Z] [INFO] [8832afce-4477-448f-b02a-3cf6ba8f9cbd] GET /api/messages/6935494dbc37e27bf7174eb6 - Request finished with status 200
[2025-12-11T10:53:28.115Z] [INFO] [67f565d5-a0e0-4172-b323-e085b38c52ef] GET /api/messages/6936c9e7a47b9033641c3b5b - Request finished with status 304
[2025-12-11T10:53:29.211Z] [INFO] [a24cabca-3451-4b10-9a97-49a5c74579a6] GET /api/messages/6935494dbc37e27bf7174eb6 - Request finished with status 200
[2025-12-11T10:53:32.864Z] [INFO] [24516095-cc45-4631-9a0e-35110e9496e7] GET /api/messages/6936c9e7a47b9033641c3b5b - Request finished with status 304
[2025-12-11T10:53:33.687Z] [INFO] [6011a6ca-4083-4910-93ba-e4b3dab19e60] GET /api/messages/6935494dbc37e27bf7174eb6 - Request finished with status 304
[2025-12-11T10:53:35.732Z] [INFO] [8e737c01-140e-4e00-9074-462d17d45ed4] GET /api/messages/6936c9e7a47b9033641c3b5b - Request finished with status 304
[2025-12-11T10:54:49.288Z] [INFO] [452e9d82-1217-4fe0-9d4b-0794907521d9] GET /api/messages/6936d04293d16f4815a1d6a0 - Request finished with status 200
[2025-12-11T10:54:50.904Z] [INFO] [7d1d2e7d-0d6b-4212-bcbe-0a808f4361f2] GET /api/messages/6936c9e7a47b9033641c3b5b - Request finished with status 304
[2025-12-11T10:55:05.488Z] [INFO] [e98d75d8-4c98-41e6-b9af-5e09c5c347fb] GET /api/notifications - Request finished with status 201
[2025-12-11T10:55:05.638Z] [INFO] [876265f0-a253-40e6-85bf-5b312f805773] GET /api/notifications - Request finished with status 201
[2025-12-11T10:55:07.830Z] [INFO] [09a4b367-cd12-4c41-8cd3-d74ee554db70] GET /api/requests/supplier - Request finished with status 200
[2025-12-11T10:55:07.891Z] [INFO] [bbbe663e-3f07-4174-95af-3bd11300e99c] GET /api/contracts/supplier?page=1&debouncedSearch= - Request finished with status 200
[2025-12-11T10:55:07.924Z] [INFO] [0ba24c5b-4350-4277-adff-c7239b2ba04c] GET /api/file/download-url?fileKey=signature-691aeaf86edc75408bc163fb-1765105439401.png - Request finished with status 200
[2025-12-11T10:55:07.931Z] [INFO] [2702c33b-4650-470d-b8f7-9656a9b8dd4b] GET /api/file/download-url?fileKey=signature-692443542c5dca0d93fef933-1765105848484.png - Request finished with status 200
[2025-12-11T10:55:07.962Z] [INFO] [4ecfa34a-3e14-428a-a12f-52bba041bcdd] GET /api/file/download-url?fileKey=signature-692443542c5dca0d93fef933-1765105848484.png - Request finished with status 304
[2025-12-11T10:55:08.134Z] [INFO] [72bfacc3-0a93-4f2d-ba68-730ee4206ff9] GET /api/requests/supplier - Request finished with status 304
[2025-12-11T10:55:08.286Z] [INFO] [030f26d8-9ad2-4918-a999-ddf4735a4c5c] GET /api/contracts/supplier?page=1&debouncedSearch= - Request finished with status 304
[2025-12-11T10:55:12.853Z] [INFO] [26eaecfa-e0e1-4b18-acb8-cba530a0663b] GET /api/file/upload-url?fileName=signature-691aeaf86edc75408bc163fb-1765450512845.png&contentType=image%2Fpng - Request finished with status 200
[2025-12-11T10:55:14.790Z] [INFO] [883a115d-9a37-48e5-8b3b-4a8c62770cd3] POST /api/contracts/693aa0f0b9b1881577d484b2/sign - Request finished with status 200
[2025-12-11T10:55:14.819Z] [INFO] [5d53da31-9c06-46dd-85bf-6b73447c6203] GET /api/file/download-url?fileKey=signature-691aeaf86edc75408bc163fb-1765450512845.png - Request finished with status 200
[2025-12-11T10:56:20.271Z] [INFO] [984b5e9e-485f-435e-a566-94369cf184a9] POST /api/notifications/markAsRead - Request finished with status 201
[2025-12-11T10:56:22.737Z] [INFO] [250d33c1-e27b-4595-8e2f-fa242ae18b69] GET /api/events - Request finished with status 304
[2025-12-11T10:56:22.921Z] [INFO] [dd8ab7aa-ca2d-4aec-9843-82592f11cd8a] GET /api/events - Request finished with status 304
[2025-12-11T10:56:22.924Z] [INFO] [3adc6dbf-6a42-4bc9-a89f-b92ceca66fb1] GET /api/contracts?page=1&debouncedSearch= - Request finished with status 200
[2025-12-11T10:56:23.005Z] [INFO] [f6ff7b2a-6cff-470e-ab25-1c73af762205] GET /api/file/download-url?fileKey=signature-691aeaf86edc75408bc163fb-1765450512845.png - Request finished with status 200
[2025-12-11T10:56:23.020Z] [INFO] [661c48f3-a881-4119-85d3-ac64fb98aa58] GET /api/file/download-url?fileKey=signature-69199cc2bbddcbafdd8f18e8-1765221900490.png - Request finished with status 200
[2025-12-11T10:56:23.057Z] [INFO] [8a627ed4-287e-45dd-9015-31e0778d4a9e] GET /api/file/download-url?fileKey=signature-69199cc2bbddcbafdd8f18e8-1765221900490.png - Request finished with status 304
[2025-12-11T10:56:23.063Z] [INFO] [66e64862-5688-4014-9a61-7e1d934a3b87] GET /api/file/download-url?fileKey=signature-692443542c5dca0d93fef933-1765279587275.png - Request finished with status 200
[2025-12-11T10:56:23.100Z] [INFO] [8db89a70-3a6f-491a-9911-4bb08afb963f] GET /api/file/download-url?fileKey=signature-692443542c5dca0d93fef933-1765279587275.png - Request finished with status 304
[2025-12-11T10:56:23.104Z] [INFO] [0fa7c233-dcd4-44a3-ae00-dc7e990be4e3] GET /api/file/download-url?fileKey=signature-692443542c5dca0d93fef933-1765279587275.png - Request finished with status 304
[2025-12-11T10:56:23.107Z] [INFO] [a4b30895-d3d9-4b24-a533-3e24dad487e8] GET /api/file/download-url?fileKey=signature-691aeaf86edc75408bc163fb-1765105439401.png - Request finished with status 200
[2025-12-11T10:56:23.132Z] [INFO] [be0b404e-f19d-4a95-b64e-43057a8ad207] GET /api/file/download-url?fileKey=signature-691aeaf86edc75408bc163fb-1765105439401.png - Request finished with status 304
[2025-12-11T10:56:23.137Z] [INFO] [19ca9555-79b9-469a-8e5e-089af9d8cc8c] GET /api/file/download-url?fileKey=signature-691aeaf86edc75408bc163fb-1765105439401.png - Request finished with status 304
[2025-12-11T10:56:23.140Z] [INFO] [a29900ce-3a00-4b76-b185-6a7c551861af] GET /api/file/download-url?fileKey=signature-692443542c5dca0d93fef933-1765105848484.png - Request finished with status 200
[2025-12-11T10:56:23.144Z] [INFO] [59216cb8-36a0-4bf0-90c0-45b079b0f0b1] GET /api/file/download-url?fileKey=signature-691aeaf86edc75408bc163fb-1765105439401.png - Request finished with status 304
[2025-12-11T10:56:23.153Z] [INFO] [ad44bf15-a3d1-4c7b-ad3a-92b4fb14251d] GET /api/file/download-url?fileKey=signature-692443542c5dca0d93fef933-1765105848484.png - Request finished with status 304
[2025-12-11T10:56:23.156Z] [INFO] [447d62d6-36aa-4e2d-92e6-521d31dcd467] GET /api/file/download-url?fileKey=signature-69199cc2bbddcbafdd8f18e8-1765101355602.png - Request finished with status 200
[2025-12-11T10:56:23.159Z] [INFO] [ae72183f-c103-4da0-aebb-d673a44338f5] GET /api/file/download-url?fileKey=signature-692443542c5dca0d93fef933-1765105848484.png - Request finished with status 304
[2025-12-11T10:56:23.173Z] [INFO] [8fd87ea8-fe0b-4a2b-9f84-c759d4012122] GET /api/file/download-url?fileKey=signature-692443542c5dca0d93fef933-1765105848484.png - Request finished with status 304
[2025-12-11T10:56:23.176Z] [INFO] [0ccfbbc9-32df-44f2-b4ea-3f105fb97b69] GET /api/file/download-url?fileKey=signature-69199cc2bbddcbafdd8f18e8-1765101355602.png - Request finished with status 304
[2025-12-11T10:56:23.181Z] [INFO] [d98ef5c1-d734-4092-925b-71be6d8b0996] GET /api/file/download-url?fileKey=signature-692443542c5dca0d93fef933-1765045981346.png - Request finished with status 200
[2025-12-11T10:56:23.185Z] [INFO] [e2f2fe31-b773-46d1-bdb1-7bee61db1c44] GET /api/file/download-url?fileKey=signature-692443542c5dca0d93fef933-1765105848484.png - Request finished with status 304
[2025-12-11T10:56:23.189Z] [INFO] [65b2325d-65e5-4955-ad1f-0c3cedc34a5b] GET /api/file/download-url?fileKey=signature-69199cc2bbddcbafdd8f18e8-1765101355602.png - Request finished with status 304
[2025-12-11T10:56:23.194Z] [INFO] [e87ecc22-d96d-4ead-abf9-3f3d61e459a0] GET /api/file/download-url?fileKey=signature-69199cc2bbddcbafdd8f18e8-1765101355602.png - Request finished with status 304
[2025-12-11T10:56:23.199Z] [INFO] [909ab66f-eebf-4436-b0dd-abf71d652210] GET /api/file/download-url?fileKey=signature-692443542c5dca0d93fef933-1765045981346.png - Request finished with status 304
[2025-12-11T10:56:23.202Z] [INFO] [5fc0f6e0-5337-4618-a6bb-c2109e13bb26] GET /api/file/download-url?fileKey=signature-69199cc2bbddcbafdd8f18e8-1765101355602.png - Request finished with status 304
[2025-12-11T10:56:23.205Z] [INFO] [2b75e77b-b914-4fcd-b9ed-e5bcf4726a7a] GET /api/file/download-url?fileKey=signature-692443542c5dca0d93fef933-1765045981346.png - Request finished with status 304
[2025-12-11T10:56:23.208Z] [INFO] [9d9c6cfe-2862-4f9a-a339-6723774ad224] GET /api/file/download-url?fileKey=signature-69199cc2bbddcbafdd8f18e8-1765101355602.png - Request finished with status 304
[2025-12-11T10:56:23.212Z] [INFO] [16f0f1f2-e2d2-4eb2-b8c7-542d70a154a7] GET /api/file/download-url?fileKey=signature-692443542c5dca0d93fef933-1765045981346.png - Request finished with status 304
[2025-12-11T10:56:23.217Z] [INFO] [e74b7ba0-c619-4cca-9814-075d117c0266] GET /api/file/download-url?fileKey=signature-692443542c5dca0d93fef933-1765045981346.png - Request finished with status 304
[2025-12-11T10:56:23.220Z] [INFO] [f7c26b97-e96c-455d-accf-7c737a7d6e6d] GET /api/file/download-url?fileKey=signature-692443542c5dca0d93fef933-1765045981346.png - Request finished with status 304
[2025-12-11T10:56:23.224Z] [INFO] [87e15a45-ff1f-4c88-a9a6-239c59a52f5d] GET /api/file/download-url?fileKey=signature-692443542c5dca0d93fef933-1765045981346.png - Request finished with status 304
[2025-12-11T10:56:23.247Z] [INFO] [9a50984c-7de7-4842-9e5a-48a5b454f32f] GET /api/contracts?page=1&debouncedSearch= - Request finished with status 304
[2025-12-11T10:56:24.519Z] [INFO] [6de4367a-c2fb-484e-beda-bda427cb69ff] GET /api/file/download-url?fileKey=%D7%A1%D7%99%D7%9B%D7%95%D7%9D+-+%D7%99%D7%95%D7%9E%D7%95+%D7%A9%D7%9C+%D7%94%D7%90%D7%A7%D7%A8.pdf - Request finished with status 200
[2025-12-11T10:56:29.832Z] [INFO] [80752b13-cf31-47dd-b205-160950510868] GET /api/file/upload-url?fileName=signature-692443542c5dca0d93fef933-1765450589826.png&contentType=image%2Fpng - Request finished with status 200
[2025-12-11T10:56:31.036Z] [ERROR] [d38f923b-9a09-44ff-822a-d6c149e35df7] POST /api/contracts/693aa0f0b9b1881577d484b2/sign -      .    .
[2025-12-11T10:56:31.040Z] [INFO] [d38f923b-9a09-44ff-822a-d6c149e35df7] POST /api/contracts/693aa0f0b9b1881577d484b2/sign - Request finished with status 400
[2025-12-11T10:56:40.796Z] [INFO] [9b1ee9a6-1e89-40e4-941f-6f9b62585763] GET /api/budget/events - Request finished with status 304
[2025-12-11T10:56:40.958Z] [INFO] [3ec598ff-a36a-49ac-a826-767ba8105e3c] GET /api/budget/events - Request finished with status 304
[2025-12-11T10:56:53.565Z] [ERROR] [a62bc152-132e-4450-b41d-a8e6bc32d799] PATCH /api/budget/events/6936e806de5d9e819f1af033 - next is not defined
[2025-12-11T10:56:53.568Z] [INFO] [a62bc152-132e-4450-b41d-a8e6bc32d799] PATCH /api/budget/events/6936e806de5d9e819f1af033 - Request finished with status 500
[2025-12-11T10:57:07.700Z] [INFO] [7673fa13-8d90-4a3a-a2bd-937c193838dd] GET /api/events - Request finished with status 304
[2025-12-11T10:57:07.917Z] [INFO] [a039029e-c669-4dc3-9e08-8b3547e9d13e] GET /api/events - Request finished with status 304
[2025-12-11T10:57:08.094Z] [INFO] [0d0a7b79-6910-4c8e-a51d-033f1218a77d] GET /api/payments/client?page=1&limit=10&searchTerm= - Request finished with status 200
[2025-12-11T10:57:08.744Z] [INFO] [dc62e613-811e-416d-960e-9eb73171be6b] GET /api/payments/client?page=1&limit=10&searchTerm= - Request finished with status 304
[2025-12-11T10:57:23.874Z] [INFO] [9e598343-8d3c-4a05-8e47-2f7b9f9ba3cd] PATCH /api/payments/69369e29d866966fe197d4b7/report-paid - Request finished with status 200
[2025-12-11T10:57:30.707Z] [INFO] [10c383f0-0291-4460-87fb-46c22e246d82] GET /api/dashboard/supplier/charts - Request finished with status 200
[2025-12-11T10:57:31.339Z] [INFO] [bdb1f63a-0eb0-47ee-84a5-a27a0a3bcb06] GET /api/dashboard/supplier/charts - Request finished with status 304
[2025-12-11T10:57:31.345Z] [INFO] [49acc210-31a7-4f1e-9b6a-9dabb0279d9d] GET /api/dashboard/summarySupplier - Request finished with status 200
[2025-12-11T10:57:32.774Z] [INFO] [282c2d45-f49f-457b-a3d7-8f25f6f5b3f7] GET /api/dashboard/summarySupplier - Request finished with status 304
[2025-12-11T10:57:34.006Z] [INFO] [5352e9ba-bc00-4263-a7a4-f38aecf1ea7a] GET /api/users/me - Request finished with status 304
[2025-12-11T10:57:34.120Z] [INFO] [f0f6d4c5-dda7-4f2c-adab-e4e6c9d5deec] GET /api/users/me - Request finished with status 304
[2025-12-11T10:57:34.196Z] [INFO] [0aae8ba2-e95e-4705-9487-2a753618a40b] GET /api/users/me - Request finished with status 304
[2025-12-11T10:57:34.270Z] [INFO] [c7494326-d979-468a-bf79-a191fb1a7e0e] GET /api/users/me - Request finished with status 304
[2025-12-11T10:57:34.370Z] [INFO] [6eb62e05-628b-4332-a5b5-78c4287be273] GET /api/users/me - Request finished with status 304
[2025-12-11T10:57:34.491Z] [INFO] [e60404d5-9253-4ab4-94b7-5e49352350e5] GET /api/users/me - Request finished with status 304
[2025-12-11T10:57:34.613Z] [INFO] [2d5b89e1-4cc5-4bff-9abb-444f33c86cc6] GET /api/notifications - Request finished with status 201
[2025-12-11T10:57:34.745Z] [INFO] [658ac622-5d9b-4cbe-83b9-9e221704a5d4] GET /api/dashboard/supplier/charts - Request finished with status 304
[2025-12-11T10:57:35.190Z] [INFO] [6e6b640a-5f58-46ba-8ccc-db2c3a84600e] GET /api/dashboard/supplier/charts - Request finished with status 304
[2025-12-11T10:57:35.246Z] [INFO] [4f5b54f4-fd8b-4836-b7bd-48b350897118] GET /api/dashboard/summarySupplier - Request finished with status 304
[2025-12-11T10:57:36.380Z] [INFO] [4c21e8d2-f353-493f-adab-8928b3b7a2d7] GET /api/dashboard/summarySupplier - Request finished with status 304
[2025-12-11T11:04:04.524Z] [INFO] [0aa9d4da-85c0-465b-830d-898f9beb139b] GET /api/payments/supplier?page=1&limit=10&searchTerm= - Request finished with status 200
[2025-12-11T11:04:05.068Z] [INFO] [dbddbec5-3351-4e35-93a0-f7a657d1dcdd] GET /api/payments/supplier?page=1&limit=10&searchTerm= - Request finished with status 304
[2025-12-11T11:04:10.859Z] [INFO] [2744efb0-8457-4113-958a-198e7800f7bc] PATCH /api/payments/69369e29d866966fe197d4b7/confirm-paid - Request finished with status 200
[2025-12-11T11:09:56.801Z] [INFO] [4a55e0e2-1eb7-4835-9931-22cb5fe37320] GET /api/users/me - Request finished with status 304
[2025-12-11T11:09:56.876Z] [INFO] [429092a5-39d4-4654-9a67-778281600ab5] GET /api/users/me - Request finished with status 304
[2025-12-11T11:09:56.954Z] [INFO] [a9ad63eb-7aa6-4b11-b90a-596e42405bc0] GET /api/users/me - Request finished with status 304
[2025-12-11T11:09:57.038Z] [INFO] [94a3feca-ca46-41e0-ab33-716a5949fa5c] GET /api/users/me - Request finished with status 304
[2025-12-11T11:09:57.134Z] [INFO] [f0ca6d97-e39e-4b3b-9ae9-19fe16bfc36e] GET /api/users/me - Request finished with status 304
[2025-12-11T11:09:57.222Z] [INFO] [551b58a6-78d8-414e-abc3-55d2e4de759b] GET /api/users/me - Request finished with status 304
[2025-12-11T11:09:57.343Z] [INFO] [ea8b19de-6f0c-4cd4-9aac-12a91c80142a] GET /api/notifications - Request finished with status 201
[2025-12-11T11:09:57.729Z] [INFO] [9177e396-1119-412b-a4fe-38b8cf172c6b] GET /api/payments/supplier?page=1&limit=10&searchTerm= - Request finished with status 200
[2025-12-11T11:10:14.297Z] [INFO] [d799f2ac-8acd-48d2-a9e9-e249eefffb9c] PATCH /api/payments/693560b926b9f784183ec27b/report-paid - Request finished with status 200
[2025-12-11T11:10:22.936Z] [INFO] [7fd6cbc5-4f68-4887-a11e-3feb4134fc21] GET /api/users/me - Request finished with status 304
[2025-12-11T11:10:23.012Z] [INFO] [6fd0a7e1-86b7-4289-9a64-dda78e91f263] GET /api/users/me - Request finished with status 304
[2025-12-11T11:10:23.090Z] [INFO] [e231ca0d-98f2-4c61-b022-0cafbd95107e] GET /api/users/me - Request finished with status 304
[2025-12-11T11:10:23.168Z] [INFO] [1474448f-fd88-4b03-bf1c-7c39ac0b0441] GET /api/users/me - Request finished with status 304
[2025-12-11T11:10:23.244Z] [INFO] [c6c9893b-9918-4377-b74f-e149d688a401] GET /api/users/me - Request finished with status 304
[2025-12-11T11:10:23.319Z] [INFO] [10ea5d37-220c-42bf-8ae4-eacfd56dca33] GET /api/users/me - Request finished with status 304
[2025-12-11T11:10:23.423Z] [INFO] [a17f34c6-8784-4204-8b6f-510db214cb67] GET /api/notifications - Request finished with status 201
[2025-12-11T11:10:23.792Z] [INFO] [0f694864-511f-4e3d-8720-85256918e3c0] GET /api/payments/supplier?page=1&limit=10&searchTerm= - Request finished with status 200
[2025-12-11T11:10:34.142Z] [INFO] [c2696fa8-c436-4fa7-b052-1991ad45e10e] PATCH /api/payments/693560b926b9f784183ec27b/confirm-paid - Request finished with status 200
[2025-12-11T11:14:18.765Z] [INFO] [c5c54c7c-c7f6-47c6-ab02-61c09fa7d56f] PATCH /api/payments/69354f2cdbe25ee3b1f3d820/report-paid - Request finished with status 200
[2025-12-11T11:14:32.754Z] [INFO] [e6775239-a3da-4ce8-ad09-989fdfc60bd3] POST /api/auth/logout - Request finished with status 200
[2025-12-11T11:14:39.291Z] [INFO] [55a1f584-c873-4e96-b86d-cb2688f548c1] POST /api/auth/google - Request finished with status 200
[2025-12-11T11:14:39.375Z] [INFO] [7a1d8dc6-23f7-4934-895d-04503d28b52d] GET /api/users/me - Request finished with status 200
[2025-12-11T11:14:39.460Z] [INFO] [a41da1bf-d168-474d-ade4-0e6dab3954a9] GET /api/users/me - Request finished with status 304
[2025-12-11T11:14:39.563Z] [INFO] [df19b581-038e-4b39-9f66-2175ace56db3] GET /api/users/me - Request finished with status 304
[2025-12-11T11:14:39.639Z] [INFO] [230d8543-7726-4d19-8805-5bfa2eb8c125] GET /api/users/me - Request finished with status 304
[2025-12-11T11:14:39.725Z] [INFO] [568a1965-9176-47c8-b93e-c7bbaabd11f9] GET /api/users/me - Request finished with status 304
[2025-12-11T11:14:39.809Z] [INFO] [327398c0-69eb-4956-a2b2-e48ba41f328b] GET /api/users/me - Request finished with status 304
[2025-12-11T11:14:39.883Z] [INFO] [12e6e0ea-7431-4e60-8dce-d8da91dfa5c1] GET /api/users/me - Request finished with status 304
[2025-12-11T11:14:39.945Z] [INFO] [34b7dc66-4b57-4140-b584-e16abb23273b] GET /api/notifications - Request finished with status 201
[2025-12-11T11:14:39.967Z] [INFO] [0aa279c4-d35f-441e-a5ab-9421e7ed42a3] GET /api/users/me - Request finished with status 304
[2025-12-11T11:14:40.106Z] [INFO] [d2c08aa5-d645-4daf-937c-568609e96829] GET /api/notifications - Request finished with status 201
[2025-12-11T11:14:40.247Z] [INFO] [ce6c2fc2-c005-4a3d-82cf-4533ac8d0b13] GET /api/dashboard/supplier/charts - Request finished with status 200
[2025-12-11T11:14:40.690Z] [INFO] [2c946e24-abbc-40ff-9727-cda27286979f] GET /api/dashboard/supplier/charts - Request finished with status 304
[2025-12-11T11:14:40.746Z] [INFO] [7b8854a4-dd47-4651-924c-df4c2626f957] GET /api/dashboard/summarySupplier - Request finished with status 200
[2025-12-11T11:14:41.692Z] [INFO] [083f89c6-12f3-4b4a-8b58-6fb6b153a880] GET /api/dashboard/summarySupplier - Request finished with status 304
[2025-12-11T11:14:56.522Z] [INFO] [a17a6d6e-a816-470b-824c-1ea67084d609] GET /api/payments/supplier?page=1&limit=10&searchTerm= - Request finished with status 200
[2025-12-11T11:14:57.075Z] [INFO] [234942f2-8b56-4726-93e1-8d5fd3fad154] GET /api/payments/supplier?page=1&limit=10&searchTerm= - Request finished with status 304
[2025-12-11T11:15:15.999Z] [INFO] [64d76716-f70b-4bfe-acab-cf3230cd5fdb] GET /api/file/upload-url?fileName=%D7%98%D7%95%D7%A4%D7%A1+1+%E2%80%93+%D7%AA%D7%99%D7%90%D7%95%D7%A8+%D7%94%D7%9E%D7%A2%D7%A8%D7%9B%D7%AA.pdf&contentType=application%2Fpdf - Request finished with status 200
[2025-12-11T11:15:17.768Z] [INFO] [0e13d774-5c59-4388-8961-e58fe9823338] PATCH /api/payments/69354f2cdbe25ee3b1f3d820/confirm-paid - Request finished with status 200
