[2025-12-16T07:12:16.059Z] [INFO] [a20b0903-8477-42c3-b497-135c4e4b1670] POST /api/auth/login - Request finished with status 200
[2025-12-16T07:12:16.786Z] [INFO] [fd565eb6-da4a-411e-986e-b816016ec002] GET /api/users/me - Request finished with status 200
[2025-12-16T07:12:17.208Z] [INFO] [f45f6bae-e534-421e-b798-e7506be68cb1] GET /api/users/me - Request finished with status 304
[2025-12-16T07:12:17.610Z] [INFO] [dc051bcd-e352-4e5c-b475-01d216010508] GET /api/users/me - Request finished with status 304
[2025-12-16T07:12:18.462Z] [INFO] [8fe5cf74-8573-4c71-9cc6-4ffd3b607fe5] GET /api/users/me - Request finished with status 304
[2025-12-16T07:12:19.162Z] [INFO] [5adfc054-90fe-46bf-8879-7ac7a569391f] GET /api/users/me - Request finished with status 304
[2025-12-16T07:12:19.663Z] [INFO] [2a3851e3-1992-4099-bf41-f0063d3f8a7d] GET /api/users/me - Request finished with status 304
[2025-12-16T07:12:20.149Z] [INFO] [ddbabf09-f8a1-4b00-8ccb-567444dbb285] GET /api/users/me - Request finished with status 304
[2025-12-16T07:12:20.548Z] [INFO] [95551a72-464d-40ed-b74e-6483780f1910] GET /api/notifications - Request finished with status 201
[2025-12-16T07:12:20.822Z] [INFO] [ddfbcd8a-9160-4e5c-9ddd-6914a6c400d2] GET /api/users/me - Request finished with status 304
[2025-12-16T07:12:21.814Z] [INFO] [4a8a37b8-af46-4c78-b337-595b2f41f984] GET /api/notifications - Request finished with status 201
[2025-12-16T07:12:22.976Z] [INFO] [296b2037-b55f-4ed4-aa6f-781d6ffe290a] GET /api/dashboard/supplier/charts - Request finished with status 304
[2025-12-16T07:12:27.454Z] [INFO] [33eb885e-a579-4a72-90af-fd5eec478f38] GET /api/dashboard/supplier/charts - Request finished with status 304
[2025-12-16T07:12:27.704Z] [INFO] [d0177916-dc81-42cd-9e52-ac5f0e7e118e] GET /api/dashboard/summarySupplier - Request finished with status 200
[2025-12-16T07:12:33.503Z] [INFO] [d95118e5-3e12-4ae1-b8b7-5a9ed44b8b50] GET /api/requests/supplier?page=1&limit=10&debouncedSearch= - Request finished with status 200
[2025-12-16T07:12:37.629Z] [INFO] [1d7d2b63-0171-4744-bfbb-799728586084] GET /api/requests/supplier?page=1&limit=10&debouncedSearch= - Request finished with status 304
[2025-12-16T07:12:40.753Z] [INFO] [7e3ca43a-5bc3-432e-9498-41aee8de5cdb] GET /api/dashboard/summarySupplier - Request finished with status 304
[2025-12-16T07:12:46.480Z] [INFO] [0efe9c32-b44b-4e47-99a1-54130ab54f49] GET /api/requests/supplier?page=1&limit=10&status=%D7%9E%D7%9E%D7%AA%D7%99%D7%9F&debouncedSearch= - Request finished with status 200
[2025-12-16T07:12:54.336Z] [INFO] [cb1570a5-c3c3-4fd6-bcb6-eb2ce88e6a9a] GET /api/requests/supplier?page=1&limit=10&status=%D7%9E%D7%90%D7%95%D7%A9%D7%A8&debouncedSearch= - Request finished with status 200
[2025-12-16T07:12:59.985Z] [INFO] [23cff5cf-cc90-4896-9326-6a874fa05b38] GET /api/requests/supplier?page=1&limit=10&status=%D7%A0%D7%93%D7%97%D7%94&debouncedSearch= - Request finished with status 200
[2025-12-16T07:13:05.693Z] [INFO] [aed88467-2801-4c28-b8e7-898ad49d60ee] GET /api/requests/supplier?page=1&limit=10&debouncedSearch= - Request finished with status 304
[2025-12-16T07:14:21.759Z] [INFO] [58c28b3e-e461-4296-96c8-739e24b1ba28] POST /api/auth/login - Request finished with status 200
[2025-12-16T07:14:22.218Z] [INFO] [7409f2e7-b1dd-4ad8-afe2-a745f311bb20] GET /api/users/me - Request finished with status 200
[2025-12-16T07:14:22.631Z] [INFO] [4692a68b-5b20-4e3b-8971-cfb17a6c5849] GET /api/users/me - Request finished with status 304
[2025-12-16T07:14:23.134Z] [INFO] [4f4a2b86-65b4-45be-96d3-5e0fae0efdbc] GET /api/users/me - Request finished with status 304
[2025-12-16T07:14:23.494Z] [INFO] [9d1c59a6-c6d1-4e45-89c2-52ac4646e922] GET /api/users/me - Request finished with status 304
[2025-12-16T07:14:24.390Z] [INFO] [e6cd5c27-6647-424d-aedc-25da5f07a1c8] GET /api/users/me - Request finished with status 304
[2025-12-16T07:14:24.726Z] [INFO] [24e3e310-4e82-4b70-ae63-20d10e5b4398] GET /api/users/me - Request finished with status 304
[2025-12-16T07:14:25.002Z] [INFO] [a5878a58-ebad-42fc-b9c7-e04603517130] GET /api/users/me - Request finished with status 304
[2025-12-16T07:14:25.249Z] [INFO] [e8022a4d-3373-4ca9-a2b8-8c7aeffe7d6f] GET /api/users/me - Request finished with status 304
[2025-12-16T07:14:26.217Z] [INFO] [752cb5e7-32df-41e3-8f89-4320e07c6a17] GET /api/notifications - Request finished with status 201
[2025-12-16T07:14:26.743Z] [INFO] [bca2c16b-9388-4853-a608-5d4f24d9a0eb] GET /api/dashboard/user/charts - Request finished with status 200
[2025-12-16T07:14:26.750Z] [INFO] [a90607d1-6b4c-4123-b08b-91e39d7a7d6c] GET /api/notifications - Request finished with status 201
[2025-12-16T07:14:27.789Z] [INFO] [b0381684-a5cb-45a1-95eb-ce8b12af8e32] GET /api/dashboard/user/charts - Request finished with status 304
[2025-12-16T07:14:28.206Z] [INFO] [37301763-4c48-4f25-a243-87607c2356e6] GET /api/dashboard/summaryUser - Request finished with status 200
[2025-12-16T07:14:30.848Z] [INFO] [c6016562-554f-4aec-ac71-b2207e130aa4] GET /api/dashboard/summaryUser - Request finished with status 304
[2025-12-16T07:14:37.212Z] [INFO] [cc40768c-86de-421e-9aef-f06d2dac8ea8] GET /api/suppliers - Request finished with status 200
[2025-12-16T07:14:37.593Z] [INFO] [50caec20-14ea-41a3-8277-e1a693b58a27] GET /api/file/download-url?fileKey=Screenshot+2025-12-06+221717.png - Request finished with status 200
[2025-12-16T07:14:37.731Z] [INFO] [32d08fb3-3cf3-49ca-aee6-df1388673bd4] GET /api/file/download-url?fileKey=htmjyejy.png - Request finished with status 200
[2025-12-16T07:14:37.765Z] [INFO] [a75bef70-da37-4218-8271-f8005fea7723] GET /api/file/download-url?fileKey=miri_1+(2)+(1).jpg - Request finished with status 200
[2025-12-16T07:14:37.792Z] [INFO] [cf2e75d5-80da-414e-9b34-b2808b4e4bae] GET /api/file/download-url?fileKey=htmjyejy.png - Request finished with status 304
[2025-12-16T07:14:38.829Z] [INFO] [b91f71a3-befd-475b-9d20-d6cefedeaac6] GET /api/suppliers - Request finished with status 304
[2025-12-16T07:14:38.932Z] [INFO] [de060b67-9f62-42e2-b244-6c581b37c3c3] GET /api/file/download-url?fileKey=Screenshot+2025-12-06+221717.png - Request finished with status 200
[2025-12-16T07:14:38.966Z] [INFO] [2b4bf8a8-c75c-4c57-81bd-ca4fbe65115c] GET /api/file/download-url?fileKey=miri_1+(2)+(1).jpg - Request finished with status 200
[2025-12-16T07:14:38.989Z] [INFO] [a54fe9f3-ebc4-4c5e-8a68-0219bdc0a6d1] GET /api/file/download-url?fileKey=htmjyejy.png - Request finished with status 200
[2025-12-16T07:14:39.078Z] [INFO] [8d75db04-f078-4f8f-ae30-875800cddc2f] GET /api/file/download-url?fileKey=htmjyejy.png - Request finished with status 200
[2025-12-16T07:14:44.257Z] [INFO] [bfd28108-9acb-485b-bcd5-60bd54dd0644] GET /api/suppliers/691aeaf96edc75408bc163fe - Request finished with status 201
[2025-12-16T07:14:45.667Z] [INFO] [398e5e02-87bd-462b-a112-fd030b101823] GET /api/events/relevant - Request finished with status 200
[2025-12-16T07:14:46.402Z] [INFO] [1661e641-c20b-4cfb-8ef1-fd930e6b24e5] GET /api/events/relevant - Request finished with status 304
[2025-12-16T07:15:15.183Z] [INFO] [e7e78397-b12c-43f4-9fdd-59ef2d2bf000] POST /api/events/693e93fbf7101f5531a66028/requests - Request finished with status 200
[2025-12-16T07:15:26.077Z] [INFO] [c1fad573-ce4d-465a-a400-87d5ded1e8d0] GET /api/requests?page=1&limit=1&debouncedSearch= - Request finished with status 200
[2025-12-16T07:15:31.725Z] [INFO] [2aed1e2e-055e-4dae-bd03-73b7ed5fdfed] GET /api/requests?page=1&limit=1&debouncedSearch= - Request finished with status 304
[2025-12-16T07:15:38.727Z] [INFO] [bd73b4aa-5bf5-49a4-a42e-766ce98407bc] GET /api/requests?page=2&limit=1&debouncedSearch= - Request finished with status 200
[2025-12-16T07:15:41.649Z] [INFO] [a06ddf29-2c85-4893-850d-9133ebafcd85] GET /api/requests?page=3&limit=1&debouncedSearch= - Request finished with status 200
[2025-12-16T07:15:50.897Z] [INFO] [8034e602-fd65-4d35-ae96-afcf72c96a63] GET /api/requests?page=2&limit=1&debouncedSearch= - Request finished with status 304
[2025-12-16T07:16:03.814Z] [INFO] [6ef0bee0-04f4-4213-b785-1ef28a551095] GET /api/requests?page=1&limit=1&debouncedSearch= - Request finished with status 304
[2025-12-16T07:17:58.137Z] [INFO] [d05e7c57-be37-4d36-b199-f7ccd84b7dba] POST /api/auth/logout - Request finished with status 200
[2025-12-16T07:18:04.332Z] [INFO] [fd1b6797-bea8-4073-b5d5-a62350ce0cc3] POST /api/auth/logout - Request finished with status 401
[2025-12-16T07:18:04.346Z] [INFO] [61596e80-e169-4762-8bf7-86febc41c17e] POST /api/auth/logout - Request finished with status 401
[2025-12-16T07:18:07.227Z] [INFO] [995afb91-ccaa-47e5-87bd-abbaf8426294] GET /api/regions - Request finished with status 304
[2025-12-16T07:18:07.238Z] [INFO] [808adc48-5ffb-477d-9ec0-3482031fe28e] GET /api/kashrut - Request finished with status 304
[2025-12-16T07:18:07.447Z] [INFO] [4a9f2341-defa-4fd7-a8c6-7c8ec1c6ffdc] GET /api/regions - Request finished with status 304
[2025-12-16T07:18:07.479Z] [INFO] [59e03bad-5d28-4c36-9769-a883c1b2fd74] GET /api/kashrut - Request finished with status 304
[2025-12-16T07:18:08.368Z] [INFO] [f8456c35-4e98-4f0b-b9cf-188ae37866f4] GET /api/categories - Request finished with status 200
[2025-12-16T07:18:10.233Z] [INFO] [689bf990-8260-47a7-a626-384fc3d04c52] GET /api/categories - Request finished with status 304
[2025-12-16T07:18:27.349Z] [INFO] [245a81c6-42d1-4857-86eb-61f4d99c49c5] POST /api/auth/login - Request finished with status 200
[2025-12-16T07:18:28.711Z] [INFO] [40317f61-5aa9-4dbc-b881-e4df581365f5] GET /api/users/me - Request finished with status 200
[2025-12-16T07:18:30.401Z] [INFO] [19d57dc5-3f89-418d-8925-4bb3e70439e5] GET /api/users/me - Request finished with status 304
[2025-12-16T07:18:32.280Z] [INFO] [e0da36e8-e3c4-41fa-8636-1ca35d42f658] GET /api/users/me - Request finished with status 304
[2025-12-16T07:18:34.296Z] [INFO] [20e3d0b6-d565-43bb-9f71-61ac45668bcb] GET /api/users/me - Request finished with status 304
[2025-12-16T07:18:36.102Z] [INFO] [99d81b5d-1aff-49d7-83bd-da590c6d8d23] GET /api/users/me - Request finished with status 304
[2025-12-16T07:18:37.951Z] [INFO] [a7504247-9b63-4ca4-aed5-f121ace929d4] GET /api/users/me - Request finished with status 304
[2025-12-16T07:18:40.016Z] [INFO] [4717c98a-7153-4637-8af9-3466a4bc014a] GET /api/users/me - Request finished with status 304
[2025-12-16T07:18:40.175Z] [INFO] [7cb94bc1-0475-461f-a40e-5f9030c0e605] GET /api/notifications - Request finished with status 201
[2025-12-16T07:18:41.198Z] [INFO] [023fda22-0acc-4190-a051-f35d85ab5f74] GET /api/regions - Request finished with status 304
[2025-12-16T07:18:41.222Z] [INFO] [837aacf6-1590-42df-853d-9a20b7f76b61] GET /api/regions - Request finished with status 304
[2025-12-16T07:18:42.005Z] [INFO] [3c70d07c-98d3-417a-b62f-ed9d7e910d43] GET /api/users/me - Request finished with status 304
[2025-12-16T07:18:42.202Z] [INFO] [26474f41-5936-4fb2-a405-b27135a20356] GET /api/dashboard/user/charts - Request finished with status 304
[2025-12-16T07:18:43.139Z] [INFO] [8df3ef76-94e8-4f69-93e9-e4e7dff9b48f] GET /api/events/types - Request finished with status 304
[2025-12-16T07:18:43.185Z] [INFO] [87f7b910-a95f-4248-98cb-af4f93136fc3] GET /api/regions - Request finished with status 304
[2025-12-16T07:18:43.201Z] [INFO] [6018f521-a487-4684-8a4e-90a1b3a2c537] GET /api/regions - Request finished with status 304
[2025-12-16T07:18:44.094Z] [INFO] [e040335c-724c-44fc-a7ed-f41608aff911] GET /api/notifications - Request finished with status 201
[2025-12-16T07:18:44.273Z] [INFO] [ded6dc1e-47c4-411f-8348-71312bbebbe1] GET /api/events/types - Request finished with status 304
[2025-12-16T07:18:44.309Z] [INFO] [5e27a2ad-3b4d-4322-b6f1-aeab609713f1] GET /api/events?page=1&pageSize=10 - Request finished with status 304
[2025-12-16T07:18:44.681Z] [INFO] [4143c628-c76f-4add-bf3b-603230a81a41] GET /api/events/types - Request finished with status 304
[2025-12-16T07:18:44.863Z] [INFO] [62a5bb8c-99fa-4253-a775-df3a79084059] GET /api/dashboard/user/charts - Request finished with status 304
[2025-12-16T07:18:45.142Z] [INFO] [512c91bc-4d67-4697-acb7-6c002e97fda6] GET /api/events?page=1&pageSize=10 - Request finished with status 304
[2025-12-16T07:18:45.151Z] [INFO] [1eec4539-0aac-4005-af33-e0bd13a31202] GET /api/events/types - Request finished with status 304
[2025-12-16T07:18:45.501Z] [INFO] [e76275e1-3ebd-44bd-9dec-837eb14b517a] GET /api/dashboard/summaryUser - Request finished with status 200
[2025-12-16T07:18:48.273Z] [INFO] [e7c9ebd1-a766-42f3-b818-8b177316a724] GET /api/dashboard/summaryUser - Request finished with status 304
[2025-12-16T07:22:42.417Z] [INFO] [3561f2bb-51e1-4d76-9a76-1938ae2dd797] GET /api/threads/user - Request finished with status 200
[2025-12-16T07:22:43.185Z] [INFO] [922c6a01-65ab-4144-9ec3-7c5c7b4acad9] GET /api/contracts?page=1&debouncedSearch= - Request finished with status 200
[2025-12-16T07:22:44.521Z] [INFO] [26d95809-49c8-40b3-8068-0b02b85979a2] GET /api/contracts?page=1&debouncedSearch= - Request finished with status 304
[2025-12-16T07:22:45.628Z] [INFO] [b0967188-b0b5-4005-b8fb-7b708db346c9] GET /api/threads/user - Request finished with status 304
[2025-12-16T07:22:50.030Z] [INFO] [496add4a-03fa-40d7-abb1-68ae89d71379] GET /api/threads/user - Request finished with status 304
[2025-12-16T07:22:51.947Z] [INFO] [5dae1107-6946-417b-a4fc-99548f78be14] GET /api/requests?page=1&limit=10&debouncedSearch= - Request finished with status 200
[2025-12-16T07:22:52.075Z] [INFO] [24c61200-9b3a-48d6-8e97-d804d3670617] GET /api/threads/user - Request finished with status 304
[2025-12-16T07:22:53.635Z] [INFO] [fad699e7-a01a-482c-8b9e-5f91b61f2221] GET /api/requests?page=1&limit=10&debouncedSearch= - Request finished with status 304
[2025-12-16T07:23:10.237Z] [INFO] [09ea2098-44c2-456c-b6e4-ca7bd7f6aed1] GET /api/suppliers - Request finished with status 304
[2025-12-16T07:23:10.350Z] [INFO] [90b3ee2d-2786-4f27-8b77-e84f2c328402] GET /api/file/download-url?fileKey=Screenshot+2025-12-06+221717.png - Request finished with status 200
[2025-12-16T07:23:10.370Z] [INFO] [c582276b-b937-453f-8172-b86ce2922f98] GET /api/file/download-url?fileKey=htmjyejy.png - Request finished with status 200
[2025-12-16T07:23:10.384Z] [INFO] [702e007a-302a-40c1-935f-2cf28b69b23b] GET /api/file/download-url?fileKey=miri_1+(2)+(1).jpg - Request finished with status 200
[2025-12-16T07:23:10.400Z] [INFO] [7e823ffc-4473-4387-8ee8-9abd509e9acf] GET /api/file/download-url?fileKey=htmjyejy.png - Request finished with status 304
[2025-12-16T07:23:11.402Z] [INFO] [0f96ffea-660f-42b6-99f9-3cf86dfb9ba6] GET /api/suppliers - Request finished with status 304
[2025-12-16T07:23:11.509Z] [INFO] [5dc13345-5989-4cb1-b880-10f7d91166e4] GET /api/file/download-url?fileKey=miri_1+(2)+(1).jpg - Request finished with status 200
[2025-12-16T07:23:11.541Z] [INFO] [ef09a679-b28c-4fa2-ab54-18404e2d1318] GET /api/file/download-url?fileKey=htmjyejy.png - Request finished with status 200
[2025-12-16T07:23:11.565Z] [INFO] [b19fde21-cddc-41fe-ab6f-d735d2fef46f] GET /api/file/download-url?fileKey=Screenshot+2025-12-06+221717.png - Request finished with status 200
[2025-12-16T07:23:11.642Z] [INFO] [919a7c5c-25f2-4f08-91b9-b104271639e5] GET /api/file/download-url?fileKey=htmjyejy.png - Request finished with status 304
[2025-12-16T07:23:16.897Z] [INFO] [a1063b59-d052-4cf5-b6d2-d6fe2573e7d3] GET /api/suppliers/69317ecdbdcd7331435969e8 - Request finished with status 201
[2025-12-16T07:23:17.676Z] [INFO] [84bd9704-bee5-4c2e-b100-cfa1449ace77] GET /api/events/relevant - Request finished with status 304
[2025-12-16T07:23:18.398Z] [INFO] [8f8e6ff5-f799-4d2c-8cd9-489e0ba4c93a] GET /api/events/relevant - Request finished with status 304
[2025-12-16T07:23:25.899Z] [INFO] [bdb9ac24-47f6-47d1-865d-a6a659899555] POST /api/events/693e93fbf7101f5531a66028/requests - Request finished with status 200
[2025-12-16T07:23:37.929Z] [INFO] [95e0cdbb-cac8-4b60-a04e-bedf6d39e7f8] GET /api/requests?page=1&limit=10&debouncedSearch= - Request finished with status 200
[2025-12-16T07:23:38.320Z] [INFO] [9dc86de1-5f56-4176-90d9-10fde2f887b8] GET /api/requests?page=1&limit=10&debouncedSearch= - Request finished with status 304
[2025-12-16T07:23:43.544Z] [INFO] [1330ac7f-b87b-4fb1-8e37-b54dc40a0447] GET /api/requests?page=2&limit=10&debouncedSearch= - Request finished with status 200
[2025-12-16T07:23:46.027Z] [INFO] [1ee58bd7-f2d3-4cd2-96a7-d222ff4f184b] GET /api/requests?page=1&limit=10&status=%D7%9E%D7%9E%D7%AA%D7%99%D7%9F&debouncedSearch= - Request finished with status 200
[2025-12-16T07:23:50.338Z] [INFO] [fa48e318-06de-45d4-9bc4-305345532607] GET /api/requests?page=2&limit=10&status=%D7%9E%D7%9E%D7%AA%D7%99%D7%9F&debouncedSearch= - Request finished with status 200
[2025-12-16T07:23:51.767Z] [INFO] [5f8b8dde-ec7a-4e28-82c7-5c219e7d72e0] GET /api/requests?page=1&limit=10&status=%D7%9E%D7%90%D7%95%D7%A9%D7%A8&debouncedSearch= - Request finished with status 304
[2025-12-16T07:23:53.092Z] [INFO] [da63e978-bea6-4b04-b667-61829c290590] GET /api/requests?page=1&limit=10&status=%D7%A0%D7%93%D7%97%D7%94&debouncedSearch= - Request finished with status 200
[2025-12-16T07:23:54.324Z] [INFO] [993bcb89-f730-49f3-8dfe-c2d7f2073755] GET /api/requests?page=1&limit=10&debouncedSearch= - Request finished with status 304
[2025-12-16T07:23:57.700Z] [INFO] [06722aab-3b6d-4662-9aa7-468d3e01ae68] GET /api/requests?page=1&limit=10&debouncedSearch=%D7%94%D7%97 - Request finished with status 200
[2025-12-16T07:23:58.436Z] [INFO] [88202355-fb35-451e-9fed-2e9e67a43909] GET /api/requests?page=1&limit=10&debouncedSearch=%D7%94%D7%97%D7%AA - Request finished with status 200
[2025-12-16T07:23:59.782Z] [INFO] [35bbf163-aa59-41da-b644-710088e92d81] GET /api/requests?page=1&limit=10&debouncedSearch=%D7%94%D7%97%D7%AA%D7%95 - Request finished with status 200
[2025-12-16T07:24:00.532Z] [INFO] [167ea68a-e69c-45f1-85d4-198684e2552b] GET /api/requests?page=1&limit=10&debouncedSearch=%D7%94%D7%97%D7%AA%D7%95%D7%A0 - Request finished with status 200
[2025-12-16T07:24:10.102Z] [INFO] [a92dd337-108d-475e-ac7e-d9fe8de27d6d] GET /api/requests?page=1&limit=10&debouncedSearch=%D7%94%D7%97%D7%AA%D7%95%D7%A0%D7%94 - Request finished with status 200
[2025-12-16T07:24:20.174Z] [INFO] [41ad99b5-2e38-467f-a60b-72142954458f] GET /api/requests?page=1&limit=10&debouncedSearch= - Request finished with status 304
[2025-12-16T07:28:45.815Z] [INFO] [d9d9f010-c149-4302-9de6-e25c2d2e7fef] GET /api/users/me - Request finished with status 304
[2025-12-16T07:28:45.979Z] [INFO] [28ad60dd-40db-4a6a-bdbc-a6203f765dc0] GET /api/users/me - Request finished with status 304
[2025-12-16T07:28:46.071Z] [INFO] [5cdc54d0-95e1-4dc3-a345-b6340f53304a] GET /api/users/me - Request finished with status 304
[2025-12-16T07:28:46.206Z] [INFO] [2acd542f-95b8-4d1f-88d1-f52063bd18b2] GET /api/users/me - Request finished with status 304
[2025-12-16T07:28:46.453Z] [INFO] [4eadcdb3-132b-48d0-ad9a-924897547ce5] GET /api/users/me - Request finished with status 304
[2025-12-16T07:28:47.229Z] [INFO] [e043e2e6-b3f7-4165-8029-305dcba81071] GET /api/users/me - Request finished with status 304
[2025-12-16T07:28:47.312Z] [INFO] [af341365-ff7e-4170-b502-b0b3e96c646e] GET /api/notifications - Request finished with status 201
[2025-12-16T07:28:47.382Z] [INFO] [a8a4e894-4d7e-4db4-b42a-09696149b427] GET /api/requests?page=1&limit=10&debouncedSearch= - Request finished with status 304
[2025-12-16T07:28:47.751Z] [INFO] [0eeb933b-d634-4c42-ae60-07f3817c8685] GET /api/requests?page=1&limit=10&debouncedSearch= - Request finished with status 304
[2025-12-16T07:28:50.069Z] [INFO] [2352294d-3b21-4c2e-9907-df910d091007] GET /api/requests?page=1&limit=10&debouncedSearch=%D7%94%D7%97 - Request finished with status 200
[2025-12-16T07:28:51.038Z] [INFO] [529f5ed5-1a95-42f7-ae21-177b16b94876] GET /api/requests?page=1&limit=10&debouncedSearch=%D7%94%D7%97%D7%AA%D7%95 - Request finished with status 304
[2025-12-16T07:28:53.263Z] [INFO] [400f031e-c320-4eb3-9e01-036ae811bdd6] GET /api/requests?page=1&limit=10&debouncedSearch=%D7%94%D7%97%D7%AA%D7%95%D7%A0%D7%94 - Request finished with status 304
[2025-12-16T07:28:58.885Z] [INFO] [a7982650-d5fd-4f82-a2ca-32dd65a7306f] GET /api/requests?page=1&limit=10&debouncedSearch= - Request finished with status 304
[2025-12-16T07:45:51.938Z] [INFO] [270a5ce9-5ea8-4fba-8456-32d531e0a786] GET /api/users/me - Request finished with status 304
[2025-12-16T07:45:52.074Z] [INFO] [88552ed6-ea40-4be9-8ca1-251685df8231] GET /api/users/me - Request finished with status 304
[2025-12-16T07:45:52.179Z] [INFO] [d07ee042-1c29-479c-b974-285e084491ea] GET /api/users/me - Request finished with status 304
[2025-12-16T07:45:52.265Z] [INFO] [e01f645a-0ca2-42af-a90d-877c5b72a943] GET /api/users/me - Request finished with status 304
[2025-12-16T07:45:52.533Z] [INFO] [ae006bd9-62a2-4254-b4f7-88d884b1b88d] GET /api/users/me - Request finished with status 304
[2025-12-16T07:45:52.723Z] [INFO] [5d914c68-ef01-402f-a19d-990d746f633e] GET /api/users/me - Request finished with status 304
[2025-12-16T07:45:52.980Z] [INFO] [3d389ea8-1fd7-4f75-bca5-c24829cde7e1] GET /api/notifications - Request finished with status 201
[2025-12-16T07:45:53.009Z] [INFO] [3aa2c04e-75cd-43b1-b60a-a9be93947e70] GET /api/requests?page=1&limit=10&debouncedSearch= - Request finished with status 304
[2025-12-16T07:45:53.400Z] [INFO] [6bd5c041-3b79-42e0-895e-de9f59d135d8] GET /api/requests?page=1&limit=10&debouncedSearch= - Request finished with status 304
[2025-12-16T07:46:01.444Z] [INFO] [a453a2d9-0f48-4979-a530-3744e4534abc] GET /api/requests?page=1&limit=10&debouncedSearch=%D7%94%D7%97%D7%AA%D7%95%D7%A0%D7%94 - Request finished with status 304
[2025-12-16T07:46:07.786Z] [INFO] [f2a7f63c-d3c5-4ec2-a75a-d09e9b09f8ce] GET /api/requests?page=1&limit=10&debouncedSearch=%D7%A9%D7%91%D7%A2 - Request finished with status 200
[2025-12-16T07:46:10.321Z] [INFO] [1256784c-64cc-4d6c-a0e4-1bd73e8d71fa] GET /api/requests?page=1&limit=10&debouncedSearch=%D7%A9%D7%91%D7%A2+%D7%91%D7%A8%D7%9B - Request finished with status 200
[2025-12-16T07:46:13.926Z] [INFO] [581721b0-0b49-43bf-8e83-1df8fabc10aa] GET /api/requests?page=1&limit=10&debouncedSearch= - Request finished with status 304
[2025-12-16T07:58:57.670Z] [INFO] [68827ab4-11e1-4442-b6f1-52f83b65604a] GET /api/requests?page=1&limit=10&searchTerm=%D7%94 - Request finished with status 200
[2025-12-16T07:58:57.886Z] [INFO] [edf7dd91-1344-4be6-a2ec-fe77fe93bc57] GET /api/requests?page=1&limit=10&searchTerm=%D7%94%D7%97 - Request finished with status 200
[2025-12-16T07:59:08.274Z] [INFO] [fc8b087b-9762-41c6-8375-5a82c6e73925] GET /api/requests?page=1&limit=10&searchTerm= - Request finished with status 200
[2025-12-16T07:59:10.567Z] [INFO] [679f6421-26fe-41ac-9c8c-1502525c49dc] GET /api/requests?page=1&limit=10&searchTerm=%D7%90 - Request finished with status 200
[2025-12-16T07:59:11.545Z] [INFO] [649c21d0-0b0a-4c9c-857e-9c7437e6d222] GET /api/requests?page=1&limit=10&searchTerm=%D7%90%D7%90 - Request finished with status 200
[2025-12-16T07:59:21.319Z] [INFO] [50bd1a07-86ca-4e1b-bad7-4cb0eb37c971] GET /api/requests?page=1&limit=10&searchTerm= - Request finished with status 304
[2025-12-16T08:10:55.176Z] [INFO] [4be7c6a7-ad68-42ad-86c4-dc655194288f] GET /api/requests?page=1&limit=10&searchTerm=%D7%90 - Request finished with status 304
[2025-12-16T08:11:00.533Z] [INFO] [134012bd-be3f-48d0-bb48-28b16d1b8076] GET /api/requests?page=1&limit=10&searchTerm=%D7%90%D7%90 - Request finished with status 304
[2025-12-16T08:11:07.442Z] [INFO] [6ae69143-6d03-4bcf-9ed9-b07ff8acf9a3] GET /api/requests?page=1&limit=10&searchTerm=%D7%90 - Request finished with status 304
[2025-12-16T08:11:08.691Z] [INFO] [443dde5b-5943-435a-be10-0c0c03b6ef97] GET /api/requests?page=1&limit=10&searchTerm= - Request finished with status 304
[2025-12-16T08:11:15.314Z] [INFO] [1f4d623f-83b1-470a-96bf-f8facc8db3e1] GET /api/requests?page=2&limit=10&searchTerm= - Request finished with status 200
[2025-12-16T08:11:20.373Z] [INFO] [c7df45aa-87d6-47ce-a4fc-ad302bd6fb54] GET /api/requests?page=1&limit=10&searchTerm= - Request finished with status 304
[2025-12-16T08:11:23.624Z] [INFO] [01fcf539-885c-4b75-92e2-9d8367a25207] GET /api/requests?page=1&limit=10&searchTerm=RI - Request finished with status 200
[2025-12-16T08:11:25.444Z] [INFO] [f94283e4-e698-4260-ae18-137229ce990c] GET /api/requests?page=1&limit=10&searchTerm=R - Request finished with status 200
[2025-12-16T08:11:26.312Z] [INFO] [bd389394-ede5-48b4-b459-24c13d42b194] GET /api/requests?page=1&limit=10&searchTerm= - Request finished with status 304
[2025-12-16T08:13:07.713Z] [INFO] [81f73677-6ec0-4667-b139-f18938a5e0e7] GET /api/requests?page=1&limit=10&searchTerm=T - Request finished with status 200
[2025-12-16T08:13:09.677Z] [INFO] [1dde4ab3-3413-4157-a304-034a338bf64e] GET /api/requests?page=1&limit=10&searchTerm= - Request finished with status 304
[2025-12-16T08:13:10.906Z] [INFO] [4cd99bc1-190c-426c-ba40-4d97222a5c09] GET /api/requests?page=1&limit=10&searchTerm=R - Request finished with status 304
[2025-12-16T08:13:13.071Z] [INFO] [8b49255d-0e3f-40f3-b561-3408a8bbec9a] GET /api/requests?page=1&limit=10&searchTerm= - Request finished with status 304
[2025-12-16T08:13:15.005Z] [INFO] [ad96f4aa-7f74-48ed-90b0-72978252a2ab] GET /api/requests?page=1&limit=10&searchTerm=%D7%90 - Request finished with status 200
[2025-12-16T08:18:14.245Z] [INFO] [ef9a6771-d444-45e8-8dbd-019c3ba664af] GET /api/users/me - Request finished with status 304
[2025-12-16T08:18:14.342Z] [INFO] [70111952-29f1-4a3b-b4b3-9deb0fdb3a56] GET /api/users/me - Request finished with status 304
[2025-12-16T08:18:14.428Z] [INFO] [494c2d04-0e86-4b39-a6a9-f539b44a9b33] GET /api/users/me - Request finished with status 304
[2025-12-16T08:18:14.525Z] [INFO] [344dc23d-5ecc-4689-ab5e-68e0bf1c5eb5] GET /api/users/me - Request finished with status 304
[2025-12-16T08:18:14.926Z] [INFO] [a4ed766b-81dc-47a4-af4e-7a8ebb88e3e8] GET /api/users/me - Request finished with status 304
[2025-12-16T08:18:15.242Z] [INFO] [cee47059-d615-493d-838e-cac68d52fe1c] GET /api/events?page=1&pageSize=1000 - Request finished with status 200
[2025-12-16T08:18:15.374Z] [INFO] [012aab99-dd44-44c2-aff2-719339dbd378] GET /api/users/me - Request finished with status 304
[2025-12-16T08:18:15.701Z] [INFO] [7b3cf31a-83b0-4513-af4e-23f8c468ab1e] GET /api/requests?page=1&limit=10&searchTerm= - Request finished with status 304
[2025-12-16T08:18:15.827Z] [INFO] [2f645626-33d3-41ad-9b88-f8d6a071b1bb] GET /api/notifications - Request finished with status 201
[2025-12-16T08:18:15.923Z] [INFO] [4da8cccb-1f0f-4300-a096-08e689417e72] GET /api/events?page=1&pageSize=1000 - Request finished with status 304
[2025-12-16T08:18:16.892Z] [INFO] [79afa7a3-a0f3-45dc-ac50-1a77e6ea36c3] GET /api/requests?page=1&limit=10&searchTerm= - Request finished with status 304
[2025-12-16T08:18:21.299Z] [INFO] [b0eec310-63f0-43a1-b59e-9bd3abfb367b] GET /api/requests?page=1&limit=10&eventId=691982f159c019b85c2244e0&searchTerm= - Request finished with status 200
[2025-12-16T08:18:24.589Z] [INFO] [e1dacfdf-b496-4657-926c-faf2da4aa0bc] GET /api/requests?page=1&limit=10&eventId=6919839159c019b85c2244f2&searchTerm= - Request finished with status 200
[2025-12-16T08:18:27.765Z] [INFO] [0a1a4f52-7b0c-48c8-acae-1002e470eeea] GET /api/requests?page=1&limit=10&eventId=6919a616beecf95933b3e1f4&searchTerm= - Request finished with status 200
[2025-12-16T08:18:30.196Z] [INFO] [7bd90f88-48ec-4aec-befb-618c41768450] GET /api/requests?page=1&limit=10&eventId=692ee7d8ad28ae9c2a2d3936&searchTerm= - Request finished with status 200
[2025-12-16T08:18:32.366Z] [INFO] [e75c3233-d265-470f-bc5a-4966e1c1c19f] GET /api/requests?page=1&limit=10&eventId=692fe8054180b79e06c1ad0f&searchTerm= - Request finished with status 200
[2025-12-16T08:18:36.098Z] [INFO] [82b1c402-535c-4450-8032-a7c0728dbbd4] GET /api/requests?page=1&limit=10&eventId=69355ff5d0eb69de2f5f509b&searchTerm= - Request finished with status 200
[2025-12-16T08:18:39.866Z] [INFO] [3201bf88-99f1-420a-a83e-8582aa8e7409] GET /api/requests?page=1&limit=10&eventId=692ed885ad28ae9c2a2d3925&searchTerm= - Request finished with status 200
[2025-12-16T08:18:42.978Z] [INFO] [f15a4346-775c-499d-99c7-8d335b830bed] GET /api/requests?page=1&limit=10&eventId=6919809259c019b85c2244d3&searchTerm= - Request finished with status 200
[2025-12-16T08:18:49.043Z] [INFO] [912d9a5c-f6ad-43e2-b626-d994dc22122a] GET /api/requests?page=1&limit=10&eventId=6919809259c019b85c2244d3&searchTerm=R - Request finished with status 200
[2025-12-16T08:18:52.595Z] [INFO] [772c3e1b-5436-4c02-b6d2-62c5b1537373] GET /api/requests?page=1&limit=10&eventId=6919809259c019b85c2244d3&searchTerm=RI - Request finished with status 200
[2025-12-16T08:18:54.738Z] [INFO] [3a3cf614-3eb8-4c88-9b53-a500dde69f43] GET /api/requests?page=1&limit=10&eventId=6919809259c019b85c2244d3&searchTerm= - Request finished with status 304
[2025-12-16T08:18:56.234Z] [INFO] [e91e9b57-fd98-4fc5-be74-85764ff3292c] GET /api/requests?page=1&limit=10&eventId=6919809259c019b85c2244d3&searchTerm=%D7%90%D7%90 - Request finished with status 200
[2025-12-16T08:18:59.168Z] [INFO] [9551ec66-b137-435a-8f4e-fc3318442c7d] GET /api/requests?page=1&limit=10&searchTerm=%D7%90%D7%90 - Request finished with status 200
[2025-12-16T08:19:02.981Z] [INFO] [3df35e7a-453b-4187-a081-468651144d05] GET /api/requests?page=1&limit=10&searchTerm= - Request finished with status 304
[2025-12-16T08:47:55.169Z] [INFO] [363f95f4-1ad7-42ed-9477-43edd05da4a3] GET /api/requests?page=1&limit=10&status=%D7%9E%D7%9E%D7%AA%D7%99%D7%9F&searchTerm= - Request finished with status 200
[2025-12-16T08:47:55.701Z] [INFO] [34de7491-eded-4c70-a45d-11a6da4151d5] GET /api/requests?page=1&limit=10&searchTerm= - Request finished with status 304
[2025-12-16T08:52:23.492Z] [INFO] [a221ef67-eac5-4c32-b177-5a57be829a46] GET /api/categories - Request finished with status 304
[2025-12-16T08:52:23.675Z] [INFO] [5c038924-2630-4e50-a7b3-0f0374f76789] GET /api/events/relevant - Request finished with status 304
[2025-12-16T09:09:41.058Z] [INFO] [d2f320fd-0445-4c28-8255-a14fd3730b2f] GET /api/users/me - Request finished with status 304
[2025-12-16T09:09:41.171Z] [INFO] [1db331b1-6556-43f8-a8f6-56cc0ad94df9] GET /api/users/me - Request finished with status 304
[2025-12-16T09:09:41.329Z] [INFO] [278a7917-18bc-42fa-885f-77c32ea75ee4] GET /api/users/me - Request finished with status 304
[2025-12-16T09:09:41.613Z] [INFO] [f5f4560e-c083-4c73-8496-02348ba402c0] GET /api/users/me - Request finished with status 304
[2025-12-16T09:09:51.451Z] [INFO] [6dc79412-1d5a-4b2a-aab6-617a8aa57d75] GET /api/users/me - Request finished with status 304
[2025-12-16T09:09:52.568Z] [INFO] [c338161b-a27e-45f9-a1b5-5ecdedb50c3f] GET /api/users/me - Request finished with status 304
[2025-12-16T09:09:52.924Z] [INFO] [ef66504a-3f92-48ac-87e1-e3993c5f0c5e] GET /api/users/me - Request finished with status 304
[2025-12-16T09:09:53.284Z] [INFO] [b44a22bb-fcb2-4eb6-8a59-be23fc2bafb2] GET /api/users/me - Request finished with status 304
[2025-12-16T09:24:12.372Z] [INFO] [4715d4fe-6b92-40ac-aa27-123b0ab896e6] GET /api/users/me - Request finished with status 304
[2025-12-16T09:24:12.651Z] [INFO] [b3ab5c2a-ef4d-4c39-829d-fe423e9a0d45] GET /api/users/me - Request finished with status 304
[2025-12-16T09:24:12.892Z] [INFO] [09af6ceb-b738-4b73-9cd3-2eecff0ab557] GET /api/users/me - Request finished with status 304
[2025-12-16T09:24:13.145Z] [INFO] [2b96f088-b27d-4b42-8126-daa46c73747b] GET /api/users/me - Request finished with status 304
[2025-12-16T09:24:25.422Z] [INFO] [6c057697-a3a1-4089-ab45-2a257acc414c] GET /api/users/me - Request finished with status 304
[2025-12-16T09:24:25.631Z] [INFO] [41e7b93c-2633-46a0-b1c1-bbe50c72ed77] GET /api/users/me - Request finished with status 304
[2025-12-16T09:24:25.830Z] [INFO] [c7f6dd9e-2c7f-48b9-b9e0-957877f784a5] GET /api/users/me - Request finished with status 304
[2025-12-16T09:24:26.037Z] [INFO] [9d49db74-0ab5-4cb7-b582-dea536c64e1f] GET /api/users/me - Request finished with status 304
[2025-12-16T09:24:28.698Z] [INFO] [137c0c8a-4ca2-4721-aff2-91d5b92b794b] GET /api/users/me - Request finished with status 304
[2025-12-16T09:24:28.939Z] [INFO] [63998bed-e208-427e-8d27-2f776833c5c7] GET /api/users/me - Request finished with status 304
[2025-12-16T09:24:29.313Z] [INFO] [8c2958c8-2055-4d5a-a12d-849eb72e57cb] GET /api/users/me - Request finished with status 304
[2025-12-16T09:24:29.622Z] [INFO] [7d413091-48b5-412d-be2d-a876ef523003] GET /api/users/me - Request finished with status 304
[2025-12-16T09:24:41.396Z] [INFO] [d2a6ee24-6630-439c-8670-ddc3fca097ac] GET /api/users/me - Request finished with status 304
[2025-12-16T09:24:41.612Z] [INFO] [47e8f9a5-02eb-430b-beda-c995b18f4f85] GET /api/users/me - Request finished with status 304
[2025-12-16T09:24:41.831Z] [INFO] [cae2bf0a-1b67-419f-93d0-bd38f0dcd8b9] GET /api/users/me - Request finished with status 304
[2025-12-16T09:24:42.066Z] [INFO] [5ed56dec-5771-4e7f-8564-e45a069c7565] GET /api/users/me - Request finished with status 304
